00001 : 0 1 2 3  
00002 : 0 1 2 4  
00003 : 0 1 2 5  
00004 : 0 1 2 6  
00005 : 0 1 2 7  
00006 : 0 1 2 8  
00007 : 0 1 2 9  
00008 : 0 1 2 10  
00009 : 0 1 2 11  
00010 : 0 1 2 12  
00011 : 0 1 2 13  
00012 : 0 1 2 14  
00013 : 0 1 2 15  
00014 : 0 1 2 16  
00015 : 0 1 2 17  
00016 : 0 1 2 18  
00017 : 0 1 2 19  
00018 : 0 1 3 4  
00019 : 0 1 3 5  
00020 : 0 1 3 6  
00021 : 0 1 3 7  
00022 : 0 1 3 8  
00023 : 0 1 3 9  
00024 : 0 1 3 10  
00025 : 0 1 3 11  
00026 : 0 1 3 12  
00027 : 0 1 3 13  
00028 : 0 1 3 14  
00029 : 0 1 3 15  
00030 : 0 1 3 16  
00031 : 0 1 3 17  
00032 : 0 1 3 18  
00033 : 0 1 3 19  
00034 : 0 1 4 5  
00035 : 0 1 4 6  
00036 : 0 1 4 7  
00037 : 0 1 4 8  
00038 : 0 1 4 9  
00039 : 0 1 4 10  
00040 : 0 1 4 11  
00041 : 0 1 4 12  
00042 : 0 1 4 13  
00043 : 0 1 4 14  
00044 : 0 1 4 15  
00045 : 0 1 4 16  
00046 : 0 1 4 17  
00047 : 0 1 4 18  
00048 : 0 1 4 19  
00049 : 0 1 5 6  
00050 : 0 1 5 7  
00051 : 0 1 5 8  
00052 : 0 1 5 9  
00053 : 0 1 5 10  
00054 : 0 1 5 11  
00055 : 0 1 5 12  
00056 : 0 1 5 13  
00057 : 0 1 5 14  
00058 : 0 1 5 15  
00059 : 0 1 5 16  
00060 : 0 1 5 17  
00061 : 0 1 5 18  
00062 : 0 1 5 19  
00063 : 0 1 6 7  
00064 : 0 1 6 8  
00065 : 0 1 6 9  
00066 : 0 1 6 10  
00067 : 0 1 6 11  
00068 : 0 1 6 12  
00069 : 0 1 6 13  
00070 : 0 1 6 14  
00071 : 0 1 6 15  
00072 : 0 1 6 16  
00073 : 0 1 6 17  
00074 : 0 1 6 18  
00075 : 0 1 6 19  
00076 : 0 1 7 8  
00077 : 0 1 7 9  
00078 : 0 1 7 10  
00079 : 0 1 7 11  
00080 : 0 1 7 12  
00081 : 0 1 7 13  
00082 : 0 1 7 14  
00083 : 0 1 7 15  
00084 : 0 1 7 16  
00085 : 0 1 7 17  
00086 : 0 1 7 18  
00087 : 0 1 7 19  
00088 : 0 1 8 9  
00089 : 0 1 8 10  
00090 : 0 1 8 11  
00091 : 0 1 8 12  
00092 : 0 1 8 13  
00093 : 0 1 8 14  
00094 : 0 1 8 15  
00095 : 0 1 8 16  
00096 : 0 1 8 17  
00097 : 0 1 8 18  
00098 : 0 1 8 19  
00099 : 0 1 9 10  
00100 : 0 1 9 11  
00101 : 0 1 9 12  
00102 : 0 1 9 13  
00103 : 0 1 9 14  
00104 : 0 1 9 15  
00105 : 0 1 9 16  
00106 : 0 1 9 17  
00107 : 0 1 9 18  
00108 : 0 1 9 19  
00109 : 0 1 10 11  
00110 : 0 1 10 12  
00111 : 0 1 10 13  
00112 : 0 1 10 14  
00113 : 0 1 10 15  
00114 : 0 1 10 16  
00115 : 0 1 10 17  
00116 : 0 1 10 18  
00117 : 0 1 10 19  
00118 : 0 1 11 12  
00119 : 0 1 11 13  
00120 : 0 1 11 14  
00121 : 0 1 11 15  
00122 : 0 1 11 16  
00123 : 0 1 11 17  
00124 : 0 1 11 18  
00125 : 0 1 11 19  
00126 : 0 1 12 13  
00127 : 0 1 12 14  
00128 : 0 1 12 15  
00129 : 0 1 12 16  
00130 : 0 1 12 17  
00131 : 0 1 12 18  
00132 : 0 1 12 19  
00133 : 0 1 13 14  
00134 : 0 1 13 15  
00135 : 0 1 13 16  
00136 : 0 1 13 17  
00137 : 0 1 13 18  
00138 : 0 1 13 19  
00139 : 0 1 14 15  
00140 : 0 1 14 16  
00141 : 0 1 14 17  
00142 : 0 1 14 18  
00143 : 0 1 14 19  
00144 : 0 1 15 16  
00145 : 0 1 15 17  
00146 : 0 1 15 18  
00147 : 0 1 15 19  
00148 : 0 1 16 17  
00149 : 0 1 16 18  
00150 : 0 1 16 19  
00151 : 0 1 17 18  
00152 : 0 1 17 19  
00153 : 0 1 18 19  
00154 : 0 2 3 4  
00155 : 0 2 3 5  
00156 : 0 2 3 6  
00157 : 0 2 3 7  
00158 : 0 2 3 8  
00159 : 0 2 3 9  
00160 : 0 2 3 10  
00161 : 0 2 3 11  
00162 : 0 2 3 12  
00163 : 0 2 3 13  
00164 : 0 2 3 14  
00165 : 0 2 3 15  
00166 : 0 2 3 16  
00167 : 0 2 3 17  
00168 : 0 2 3 18  
00169 : 0 2 3 19  
00170 : 0 2 4 5  
00171 : 0 2 4 6  
00172 : 0 2 4 7  
00173 : 0 2 4 8  
00174 : 0 2 4 9  
00175 : 0 2 4 10  
00176 : 0 2 4 11  
00177 : 0 2 4 12  
00178 : 0 2 4 13  
00179 : 0 2 4 14  
00180 : 0 2 4 15  
00181 : 0 2 4 16  
00182 : 0 2 4 17  
00183 : 0 2 4 18  
00184 : 0 2 4 19  
00185 : 0 2 5 6  
00186 : 0 2 5 7  
00187 : 0 2 5 8  
00188 : 0 2 5 9  
00189 : 0 2 5 10  
00190 : 0 2 5 11  
00191 : 0 2 5 12  
00192 : 0 2 5 13  
00193 : 0 2 5 14  
00194 : 0 2 5 15  
00195 : 0 2 5 16  
00196 : 0 2 5 17  
00197 : 0 2 5 18  
00198 : 0 2 5 19  
00199 : 0 2 6 7  
00200 : 0 2 6 8  
00201 : 0 2 6 9  
00202 : 0 2 6 10  
00203 : 0 2 6 11  
00204 : 0 2 6 12  
00205 : 0 2 6 13  
00206 : 0 2 6 14  
00207 : 0 2 6 15  
00208 : 0 2 6 16  
00209 : 0 2 6 17  
00210 : 0 2 6 18  
00211 : 0 2 6 19  
00212 : 0 2 7 8  
00213 : 0 2 7 9  
00214 : 0 2 7 10  
00215 : 0 2 7 11  
00216 : 0 2 7 12  
00217 : 0 2 7 13  
00218 : 0 2 7 14  
00219 : 0 2 7 15  
00220 : 0 2 7 16  
00221 : 0 2 7 17  
00222 : 0 2 7 18  
00223 : 0 2 7 19  
00224 : 0 2 8 9  
00225 : 0 2 8 10  
00226 : 0 2 8 11  
00227 : 0 2 8 12  
00228 : 0 2 8 13  
00229 : 0 2 8 14  
00230 : 0 2 8 15  
00231 : 0 2 8 16  
00232 : 0 2 8 17  
00233 : 0 2 8 18  
00234 : 0 2 8 19  
00235 : 0 2 9 10  
00236 : 0 2 9 11  
00237 : 0 2 9 12  
00238 : 0 2 9 13  
00239 : 0 2 9 14  
00240 : 0 2 9 15  
00241 : 0 2 9 16  
00242 : 0 2 9 17  
00243 : 0 2 9 18  
00244 : 0 2 9 19  
00245 : 0 2 10 11  
00246 : 0 2 10 12  
00247 : 0 2 10 13  
00248 : 0 2 10 14  
00249 : 0 2 10 15  
00250 : 0 2 10 16  
00251 : 0 2 10 17  
00252 : 0 2 10 18  
00253 : 0 2 10 19  
00254 : 0 2 11 12  
00255 : 0 2 11 13  
00256 : 0 2 11 14  
00257 : 0 2 11 15  
00258 : 0 2 11 16  
00259 : 0 2 11 17  
00260 : 0 2 11 18  
00261 : 0 2 11 19  
00262 : 0 2 12 13  
00263 : 0 2 12 14  
00264 : 0 2 12 15  
00265 : 0 2 12 16  
00266 : 0 2 12 17  
00267 : 0 2 12 18  
00268 : 0 2 12 19  
00269 : 0 2 13 14  
00270 : 0 2 13 15  
00271 : 0 2 13 16  
00272 : 0 2 13 17  
00273 : 0 2 13 18  
00274 : 0 2 13 19  
00275 : 0 2 14 15  
00276 : 0 2 14 16  
00277 : 0 2 14 17  
00278 : 0 2 14 18  
00279 : 0 2 14 19  
00280 : 0 2 15 16  
00281 : 0 2 15 17  
00282 : 0 2 15 18  
00283 : 0 2 15 19  
00284 : 0 2 16 17  
00285 : 0 2 16 18  
00286 : 0 2 16 19  
00287 : 0 2 17 18  
00288 : 0 2 17 19  
00289 : 0 2 18 19  
00290 : 0 3 4 5  
00291 : 0 3 4 6  
00292 : 0 3 4 7  
00293 : 0 3 4 8  
00294 : 0 3 4 9  
00295 : 0 3 4 10  
00296 : 0 3 4 11  
00297 : 0 3 4 12  
00298 : 0 3 4 13  
00299 : 0 3 4 14  
00300 : 0 3 4 15  
00301 : 0 3 4 16  
00302 : 0 3 4 17  
00303 : 0 3 4 18  
00304 : 0 3 4 19  
00305 : 0 3 5 6  
00306 : 0 3 5 7  
00307 : 0 3 5 8  
00308 : 0 3 5 9  
00309 : 0 3 5 10  
00310 : 0 3 5 11  
00311 : 0 3 5 12  
00312 : 0 3 5 13  
00313 : 0 3 5 14  
00314 : 0 3 5 15  
00315 : 0 3 5 16  
00316 : 0 3 5 17  
00317 : 0 3 5 18  
00318 : 0 3 5 19  
00319 : 0 3 6 7  
00320 : 0 3 6 8  
00321 : 0 3 6 9  
00322 : 0 3 6 10  
00323 : 0 3 6 11  
00324 : 0 3 6 12  
00325 : 0 3 6 13  
00326 : 0 3 6 14  
00327 : 0 3 6 15  
00328 : 0 3 6 16  
00329 : 0 3 6 17  
00330 : 0 3 6 18  
00331 : 0 3 6 19  
00332 : 0 3 7 8  
00333 : 0 3 7 9  
00334 : 0 3 7 10  
00335 : 0 3 7 11  
00336 : 0 3 7 12  
00337 : 0 3 7 13  
00338 : 0 3 7 14  
00339 : 0 3 7 15  
00340 : 0 3 7 16  
00341 : 0 3 7 17  
00342 : 0 3 7 18  
00343 : 0 3 7 19  
00344 : 0 3 8 9  
00345 : 0 3 8 10  
00346 : 0 3 8 11  
00347 : 0 3 8 12  
00348 : 0 3 8 13  
00349 : 0 3 8 14  
00350 : 0 3 8 15  
00351 : 0 3 8 16  
00352 : 0 3 8 17  
00353 : 0 3 8 18  
00354 : 0 3 8 19  
00355 : 0 3 9 10  
00356 : 0 3 9 11  
00357 : 0 3 9 12  
00358 : 0 3 9 13  
00359 : 0 3 9 14  
00360 : 0 3 9 15  
00361 : 0 3 9 16  
00362 : 0 3 9 17  
00363 : 0 3 9 18  
00364 : 0 3 9 19  
00365 : 0 3 10 11  
00366 : 0 3 10 12  
00367 : 0 3 10 13  
00368 : 0 3 10 14  
00369 : 0 3 10 15  
00370 : 0 3 10 16  
00371 : 0 3 10 17  
00372 : 0 3 10 18  
00373 : 0 3 10 19  
00374 : 0 3 11 12  
00375 : 0 3 11 13  
00376 : 0 3 11 14  
00377 : 0 3 11 15  
00378 : 0 3 11 16  
00379 : 0 3 11 17  
00380 : 0 3 11 18  
00381 : 0 3 11 19  
00382 : 0 3 12 13  
00383 : 0 3 12 14  
00384 : 0 3 12 15  
00385 : 0 3 12 16  
00386 : 0 3 12 17  
00387 : 0 3 12 18  
00388 : 0 3 12 19  
00389 : 0 3 13 14  
00390 : 0 3 13 15  
00391 : 0 3 13 16  
00392 : 0 3 13 17  
00393 : 0 3 13 18  
00394 : 0 3 13 19  
00395 : 0 3 14 15  
00396 : 0 3 14 16  
00397 : 0 3 14 17  
00398 : 0 3 14 18  
00399 : 0 3 14 19  
00400 : 0 3 15 16  
00401 : 0 3 15 17  
00402 : 0 3 15 18  
00403 : 0 3 15 19  
00404 : 0 3 16 17  
00405 : 0 3 16 18  
00406 : 0 3 16 19  
00407 : 0 3 17 18  
00408 : 0 3 17 19  
00409 : 0 3 18 19  
00410 : 0 4 5 6  
00411 : 0 4 5 7  
00412 : 0 4 5 8  
00413 : 0 4 5 9  
00414 : 0 4 5 10  
00415 : 0 4 5 11  
00416 : 0 4 5 12  
00417 : 0 4 5 13  
00418 : 0 4 5 14  
00419 : 0 4 5 15  
00420 : 0 4 5 16  
00421 : 0 4 5 17  
00422 : 0 4 5 18  
00423 : 0 4 5 19  
00424 : 0 4 6 7  
00425 : 0 4 6 8  
00426 : 0 4 6 9  
00427 : 0 4 6 10  
00428 : 0 4 6 11  
00429 : 0 4 6 12  
00430 : 0 4 6 13  
00431 : 0 4 6 14  
00432 : 0 4 6 15  
00433 : 0 4 6 16  
00434 : 0 4 6 17  
00435 : 0 4 6 18  
00436 : 0 4 6 19  
00437 : 0 4 7 8  
00438 : 0 4 7 9  
00439 : 0 4 7 10  
00440 : 0 4 7 11  
00441 : 0 4 7 12  
00442 : 0 4 7 13  
00443 : 0 4 7 14  
00444 : 0 4 7 15  
00445 : 0 4 7 16  
00446 : 0 4 7 17  
00447 : 0 4 7 18  
00448 : 0 4 7 19  
00449 : 0 4 8 9  
00450 : 0 4 8 10  
00451 : 0 4 8 11  
00452 : 0 4 8 12  
00453 : 0 4 8 13  
00454 : 0 4 8 14  
00455 : 0 4 8 15  
00456 : 0 4 8 16  
00457 : 0 4 8 17  
00458 : 0 4 8 18  
00459 : 0 4 8 19  
00460 : 0 4 9 10  
00461 : 0 4 9 11  
00462 : 0 4 9 12  
00463 : 0 4 9 13  
00464 : 0 4 9 14  
00465 : 0 4 9 15  
00466 : 0 4 9 16  
00467 : 0 4 9 17  
00468 : 0 4 9 18  
00469 : 0 4 9 19  
00470 : 0 4 10 11  
00471 : 0 4 10 12  
00472 : 0 4 10 13  
00473 : 0 4 10 14  
00474 : 0 4 10 15  
00475 : 0 4 10 16  
00476 : 0 4 10 17  
00477 : 0 4 10 18  
00478 : 0 4 10 19  
00479 : 0 4 11 12  
00480 : 0 4 11 13  
00481 : 0 4 11 14  
00482 : 0 4 11 15  
00483 : 0 4 11 16  
00484 : 0 4 11 17  
00485 : 0 4 11 18  
00486 : 0 4 11 19  
00487 : 0 4 12 13  
00488 : 0 4 12 14  
00489 : 0 4 12 15  
00490 : 0 4 12 16  
00491 : 0 4 12 17  
00492 : 0 4 12 18  
00493 : 0 4 12 19  
00494 : 0 4 13 14  
00495 : 0 4 13 15  
00496 : 0 4 13 16  
00497 : 0 4 13 17  
00498 : 0 4 13 18  
00499 : 0 4 13 19  
00500 : 0 4 14 15  
00501 : 0 4 14 16  
00502 : 0 4 14 17  
00503 : 0 4 14 18  
00504 : 0 4 14 19  
00505 : 0 4 15 16  
00506 : 0 4 15 17  
00507 : 0 4 15 18  
00508 : 0 4 15 19  
00509 : 0 4 16 17  
00510 : 0 4 16 18  
00511 : 0 4 16 19  
00512 : 0 4 17 18  
00513 : 0 4 17 19  
00514 : 0 4 18 19  
00515 : 0 5 6 7  
00516 : 0 5 6 8  
00517 : 0 5 6 9  
00518 : 0 5 6 10  
00519 : 0 5 6 11  
00520 : 0 5 6 12  
00521 : 0 5 6 13  
00522 : 0 5 6 14  
00523 : 0 5 6 15  
00524 : 0 5 6 16  
00525 : 0 5 6 17  
00526 : 0 5 6 18  
00527 : 0 5 6 19  
00528 : 0 5 7 8  
00529 : 0 5 7 9  
00530 : 0 5 7 10  
00531 : 0 5 7 11  
00532 : 0 5 7 12  
00533 : 0 5 7 13  
00534 : 0 5 7 14  
00535 : 0 5 7 15  
00536 : 0 5 7 16  
00537 : 0 5 7 17  
00538 : 0 5 7 18  
00539 : 0 5 7 19  
00540 : 0 5 8 9  
00541 : 0 5 8 10  
00542 : 0 5 8 11  
00543 : 0 5 8 12  
00544 : 0 5 8 13  
00545 : 0 5 8 14  
00546 : 0 5 8 15  
00547 : 0 5 8 16  
00548 : 0 5 8 17  
00549 : 0 5 8 18  
00550 : 0 5 8 19  
00551 : 0 5 9 10  
00552 : 0 5 9 11  
00553 : 0 5 9 12  
00554 : 0 5 9 13  
00555 : 0 5 9 14  
00556 : 0 5 9 15  
00557 : 0 5 9 16  
00558 : 0 5 9 17  
00559 : 0 5 9 18  
00560 : 0 5 9 19  
00561 : 0 5 10 11  
00562 : 0 5 10 12  
00563 : 0 5 10 13  
00564 : 0 5 10 14  
00565 : 0 5 10 15  
00566 : 0 5 10 16  
00567 : 0 5 10 17  
00568 : 0 5 10 18  
00569 : 0 5 10 19  
00570 : 0 5 11 12  
00571 : 0 5 11 13  
00572 : 0 5 11 14  
00573 : 0 5 11 15  
00574 : 0 5 11 16  
00575 : 0 5 11 17  
00576 : 0 5 11 18  
00577 : 0 5 11 19  
00578 : 0 5 12 13  
00579 : 0 5 12 14  
00580 : 0 5 12 15  
00581 : 0 5 12 16  
00582 : 0 5 12 17  
00583 : 0 5 12 18  
00584 : 0 5 12 19  
00585 : 0 5 13 14  
00586 : 0 5 13 15  
00587 : 0 5 13 16  
00588 : 0 5 13 17  
00589 : 0 5 13 18  
00590 : 0 5 13 19  
00591 : 0 5 14 15  
00592 : 0 5 14 16  
00593 : 0 5 14 17  
00594 : 0 5 14 18  
00595 : 0 5 14 19  
00596 : 0 5 15 16  
00597 : 0 5 15 17  
00598 : 0 5 15 18  
00599 : 0 5 15 19  
00600 : 0 5 16 17  
00601 : 0 5 16 18  
00602 : 0 5 16 19  
00603 : 0 5 17 18  
00604 : 0 5 17 19  
00605 : 0 5 18 19  
00606 : 0 6 7 8  
00607 : 0 6 7 9  
00608 : 0 6 7 10  
00609 : 0 6 7 11  
00610 : 0 6 7 12  
00611 : 0 6 7 13  
00612 : 0 6 7 14  
00613 : 0 6 7 15  
00614 : 0 6 7 16  
00615 : 0 6 7 17  
00616 : 0 6 7 18  
00617 : 0 6 7 19  
00618 : 0 6 8 9  
00619 : 0 6 8 10  
00620 : 0 6 8 11  
00621 : 0 6 8 12  
00622 : 0 6 8 13  
00623 : 0 6 8 14  
00624 : 0 6 8 15  
00625 : 0 6 8 16  
00626 : 0 6 8 17  
00627 : 0 6 8 18  
00628 : 0 6 8 19  
00629 : 0 6 9 10  
00630 : 0 6 9 11  
00631 : 0 6 9 12  
00632 : 0 6 9 13  
00633 : 0 6 9 14  
00634 : 0 6 9 15  
00635 : 0 6 9 16  
00636 : 0 6 9 17  
00637 : 0 6 9 18  
00638 : 0 6 9 19  
00639 : 0 6 10 11  
00640 : 0 6 10 12  
00641 : 0 6 10 13  
00642 : 0 6 10 14  
00643 : 0 6 10 15  
00644 : 0 6 10 16  
00645 : 0 6 10 17  
00646 : 0 6 10 18  
00647 : 0 6 10 19  
00648 : 0 6 11 12  
00649 : 0 6 11 13  
00650 : 0 6 11 14  
00651 : 0 6 11 15  
00652 : 0 6 11 16  
00653 : 0 6 11 17  
00654 : 0 6 11 18  
00655 : 0 6 11 19  
00656 : 0 6 12 13  
00657 : 0 6 12 14  
00658 : 0 6 12 15  
00659 : 0 6 12 16  
00660 : 0 6 12 17  
00661 : 0 6 12 18  
00662 : 0 6 12 19  
00663 : 0 6 13 14  
00664 : 0 6 13 15  
00665 : 0 6 13 16  
00666 : 0 6 13 17  
00667 : 0 6 13 18  
00668 : 0 6 13 19  
00669 : 0 6 14 15  
00670 : 0 6 14 16  
00671 : 0 6 14 17  
00672 : 0 6 14 18  
00673 : 0 6 14 19  
00674 : 0 6 15 16  
00675 : 0 6 15 17  
00676 : 0 6 15 18  
00677 : 0 6 15 19  
00678 : 0 6 16 17  
00679 : 0 6 16 18  
00680 : 0 6 16 19  
00681 : 0 6 17 18  
00682 : 0 6 17 19  
00683 : 0 6 18 19  
00684 : 0 7 8 9  
00685 : 0 7 8 10  
00686 : 0 7 8 11  
00687 : 0 7 8 12  
00688 : 0 7 8 13  
00689 : 0 7 8 14  
00690 : 0 7 8 15  
00691 : 0 7 8 16  
00692 : 0 7 8 17  
00693 : 0 7 8 18  
00694 : 0 7 8 19  
00695 : 0 7 9 10  
00696 : 0 7 9 11  
00697 : 0 7 9 12  
00698 : 0 7 9 13  
00699 : 0 7 9 14  
00700 : 0 7 9 15  
00701 : 0 7 9 16  
00702 : 0 7 9 17  
00703 : 0 7 9 18  
00704 : 0 7 9 19  
00705 : 0 7 10 11  
00706 : 0 7 10 12  
00707 : 0 7 10 13  
00708 : 0 7 10 14  
00709 : 0 7 10 15  
00710 : 0 7 10 16  
00711 : 0 7 10 17  
00712 : 0 7 10 18  
00713 : 0 7 10 19  
00714 : 0 7 11 12  
00715 : 0 7 11 13  
00716 : 0 7 11 14  
00717 : 0 7 11 15  
00718 : 0 7 11 16  
00719 : 0 7 11 17  
00720 : 0 7 11 18  
00721 : 0 7 11 19  
00722 : 0 7 12 13  
00723 : 0 7 12 14  
00724 : 0 7 12 15  
00725 : 0 7 12 16  
00726 : 0 7 12 17  
00727 : 0 7 12 18  
00728 : 0 7 12 19  
00729 : 0 7 13 14  
00730 : 0 7 13 15  
00731 : 0 7 13 16  
00732 : 0 7 13 17  
00733 : 0 7 13 18  
00734 : 0 7 13 19  
00735 : 0 7 14 15  
00736 : 0 7 14 16  
00737 : 0 7 14 17  
00738 : 0 7 14 18  
00739 : 0 7 14 19  
00740 : 0 7 15 16  
00741 : 0 7 15 17  
00742 : 0 7 15 18  
00743 : 0 7 15 19  
00744 : 0 7 16 17  
00745 : 0 7 16 18  
00746 : 0 7 16 19  
00747 : 0 7 17 18  
00748 : 0 7 17 19  
00749 : 0 7 18 19  
00750 : 0 8 9 10  
00751 : 0 8 9 11  
00752 : 0 8 9 12  
00753 : 0 8 9 13  
00754 : 0 8 9 14  
00755 : 0 8 9 15  
00756 : 0 8 9 16  
00757 : 0 8 9 17  
00758 : 0 8 9 18  
00759 : 0 8 9 19  
00760 : 0 8 10 11  
00761 : 0 8 10 12  
00762 : 0 8 10 13  
00763 : 0 8 10 14  
00764 : 0 8 10 15  
00765 : 0 8 10 16  
00766 : 0 8 10 17  
00767 : 0 8 10 18  
00768 : 0 8 10 19  
00769 : 0 8 11 12  
00770 : 0 8 11 13  
00771 : 0 8 11 14  
00772 : 0 8 11 15  
00773 : 0 8 11 16  
00774 : 0 8 11 17  
00775 : 0 8 11 18  
00776 : 0 8 11 19  
00777 : 0 8 12 13  
00778 : 0 8 12 14  
00779 : 0 8 12 15  
00780 : 0 8 12 16  
00781 : 0 8 12 17  
00782 : 0 8 12 18  
00783 : 0 8 12 19  
00784 : 0 8 13 14  
00785 : 0 8 13 15  
00786 : 0 8 13 16  
00787 : 0 8 13 17  
00788 : 0 8 13 18  
00789 : 0 8 13 19  
00790 : 0 8 14 15  
00791 : 0 8 14 16  
00792 : 0 8 14 17  
00793 : 0 8 14 18  
00794 : 0 8 14 19  
00795 : 0 8 15 16  
00796 : 0 8 15 17  
00797 : 0 8 15 18  
00798 : 0 8 15 19  
00799 : 0 8 16 17  
00800 : 0 8 16 18  
00801 : 0 8 16 19  
00802 : 0 8 17 18  
00803 : 0 8 17 19  
00804 : 0 8 18 19  
00805 : 0 9 10 11  
00806 : 0 9 10 12  
00807 : 0 9 10 13  
00808 : 0 9 10 14  
00809 : 0 9 10 15  
00810 : 0 9 10 16  
00811 : 0 9 10 17  
00812 : 0 9 10 18  
00813 : 0 9 10 19  
00814 : 0 9 11 12  
00815 : 0 9 11 13  
00816 : 0 9 11 14  
00817 : 0 9 11 15  
00818 : 0 9 11 16  
00819 : 0 9 11 17  
00820 : 0 9 11 18  
00821 : 0 9 11 19  
00822 : 0 9 12 13  
00823 : 0 9 12 14  
00824 : 0 9 12 15  
00825 : 0 9 12 16  
00826 : 0 9 12 17  
00827 : 0 9 12 18  
00828 : 0 9 12 19  
00829 : 0 9 13 14  
00830 : 0 9 13 15  
00831 : 0 9 13 16  
00832 : 0 9 13 17  
00833 : 0 9 13 18  
00834 : 0 9 13 19  
00835 : 0 9 14 15  
00836 : 0 9 14 16  
00837 : 0 9 14 17  
00838 : 0 9 14 18  
00839 : 0 9 14 19  
00840 : 0 9 15 16  
00841 : 0 9 15 17  
00842 : 0 9 15 18  
00843 : 0 9 15 19  
00844 : 0 9 16 17  
00845 : 0 9 16 18  
00846 : 0 9 16 19  
00847 : 0 9 17 18  
00848 : 0 9 17 19  
00849 : 0 9 18 19  
00850 : 0 10 11 12  
00851 : 0 10 11 13  
00852 : 0 10 11 14  
00853 : 0 10 11 15  
00854 : 0 10 11 16  
00855 : 0 10 11 17  
00856 : 0 10 11 18  
00857 : 0 10 11 19  
00858 : 0 10 12 13  
00859 : 0 10 12 14  
00860 : 0 10 12 15  
00861 : 0 10 12 16  
00862 : 0 10 12 17  
00863 : 0 10 12 18  
00864 : 0 10 12 19  
00865 : 0 10 13 14  
00866 : 0 10 13 15  
00867 : 0 10 13 16  
00868 : 0 10 13 17  
00869 : 0 10 13 18  
00870 : 0 10 13 19  
00871 : 0 10 14 15  
00872 : 0 10 14 16  
00873 : 0 10 14 17  
00874 : 0 10 14 18  
00875 : 0 10 14 19  
00876 : 0 10 15 16  
00877 : 0 10 15 17  
00878 : 0 10 15 18  
00879 : 0 10 15 19  
00880 : 0 10 16 17  
00881 : 0 10 16 18  
00882 : 0 10 16 19  
00883 : 0 10 17 18  
00884 : 0 10 17 19  
00885 : 0 10 18 19  
00886 : 0 11 12 13  
00887 : 0 11 12 14  
00888 : 0 11 12 15  
00889 : 0 11 12 16  
00890 : 0 11 12 17  
00891 : 0 11 12 18  
00892 : 0 11 12 19  
00893 : 0 11 13 14  
00894 : 0 11 13 15  
00895 : 0 11 13 16  
00896 : 0 11 13 17  
00897 : 0 11 13 18  
00898 : 0 11 13 19  
00899 : 0 11 14 15  
00900 : 0 11 14 16  
00901 : 0 11 14 17  
00902 : 0 11 14 18  
00903 : 0 11 14 19  
00904 : 0 11 15 16  
00905 : 0 11 15 17  
00906 : 0 11 15 18  
00907 : 0 11 15 19  
00908 : 0 11 16 17  
00909 : 0 11 16 18  
00910 : 0 11 16 19  
00911 : 0 11 17 18  
00912 : 0 11 17 19  
00913 : 0 11 18 19  
00914 : 0 12 13 14  
00915 : 0 12 13 15  
00916 : 0 12 13 16  
00917 : 0 12 13 17  
00918 : 0 12 13 18  
00919 : 0 12 13 19  
00920 : 0 12 14 15  
00921 : 0 12 14 16  
00922 : 0 12 14 17  
00923 : 0 12 14 18  
00924 : 0 12 14 19  
00925 : 0 12 15 16  
00926 : 0 12 15 17  
00927 : 0 12 15 18  
00928 : 0 12 15 19  
00929 : 0 12 16 17  
00930 : 0 12 16 18  
00931 : 0 12 16 19  
00932 : 0 12 17 18  
00933 : 0 12 17 19  
00934 : 0 12 18 19  
00935 : 0 13 14 15  
00936 : 0 13 14 16  
00937 : 0 13 14 17  
00938 : 0 13 14 18  
00939 : 0 13 14 19  
00940 : 0 13 15 16  
00941 : 0 13 15 17  
00942 : 0 13 15 18  
00943 : 0 13 15 19  
00944 : 0 13 16 17  
00945 : 0 13 16 18  
00946 : 0 13 16 19  
00947 : 0 13 17 18  
00948 : 0 13 17 19  
00949 : 0 13 18 19  
00950 : 0 14 15 16  
00951 : 0 14 15 17  
00952 : 0 14 15 18  
00953 : 0 14 15 19  
00954 : 0 14 16 17  
00955 : 0 14 16 18  
00956 : 0 14 16 19  
00957 : 0 14 17 18  
00958 : 0 14 17 19  
00959 : 0 14 18 19  
00960 : 0 15 16 17  
00961 : 0 15 16 18  
00962 : 0 15 16 19  
00963 : 0 15 17 18  
00964 : 0 15 17 19  
00965 : 0 15 18 19  
00966 : 0 16 17 18  
00967 : 0 16 17 19  
00968 : 0 16 18 19  
00969 : 0 17 18 19  
00970 : 1 2 3 4  
00971 : 1 2 3 5  
00972 : 1 2 3 6  
00973 : 1 2 3 7  
00974 : 1 2 3 8  
00975 : 1 2 3 9  
00976 : 1 2 3 10  
00977 : 1 2 3 11  
00978 : 1 2 3 12  
00979 : 1 2 3 13  
00980 : 1 2 3 14  
00981 : 1 2 3 15  
00982 : 1 2 3 16  
00983 : 1 2 3 17  
00984 : 1 2 3 18  
00985 : 1 2 3 19  
00986 : 1 2 4 5  
00987 : 1 2 4 6  
00988 : 1 2 4 7  
00989 : 1 2 4 8  
00990 : 1 2 4 9  
00991 : 1 2 4 10  
00992 : 1 2 4 11  
00993 : 1 2 4 12  
00994 : 1 2 4 13  
00995 : 1 2 4 14  
00996 : 1 2 4 15  
00997 : 1 2 4 16  
00998 : 1 2 4 17  
00999 : 1 2 4 18  
01000 : 1 2 4 19  
01001 : 1 2 5 6  
01002 : 1 2 5 7  
01003 : 1 2 5 8  
01004 : 1 2 5 9  
01005 : 1 2 5 10  
01006 : 1 2 5 11  
01007 : 1 2 5 12  
01008 : 1 2 5 13  
01009 : 1 2 5 14  
01010 : 1 2 5 15  
01011 : 1 2 5 16  
01012 : 1 2 5 17  
01013 : 1 2 5 18  
01014 : 1 2 5 19  
01015 : 1 2 6 7  
01016 : 1 2 6 8  
01017 : 1 2 6 9  
01018 : 1 2 6 10  
01019 : 1 2 6 11  
01020 : 1 2 6 12  
01021 : 1 2 6 13  
01022 : 1 2 6 14  
01023 : 1 2 6 15  
01024 : 1 2 6 16  
01025 : 1 2 6 17  
01026 : 1 2 6 18  
01027 : 1 2 6 19  
01028 : 1 2 7 8  
01029 : 1 2 7 9  
01030 : 1 2 7 10  
01031 : 1 2 7 11  
01032 : 1 2 7 12  
01033 : 1 2 7 13  
01034 : 1 2 7 14  
01035 : 1 2 7 15  
01036 : 1 2 7 16  
01037 : 1 2 7 17  
01038 : 1 2 7 18  
01039 : 1 2 7 19  
01040 : 1 2 8 9  
01041 : 1 2 8 10  
01042 : 1 2 8 11  
01043 : 1 2 8 12  
01044 : 1 2 8 13  
01045 : 1 2 8 14  
01046 : 1 2 8 15  
01047 : 1 2 8 16  
01048 : 1 2 8 17  
01049 : 1 2 8 18  
01050 : 1 2 8 19  
01051 : 1 2 9 10  
01052 : 1 2 9 11  
01053 : 1 2 9 12  
01054 : 1 2 9 13  
01055 : 1 2 9 14  
01056 : 1 2 9 15  
01057 : 1 2 9 16  
01058 : 1 2 9 17  
01059 : 1 2 9 18  
01060 : 1 2 9 19  
01061 : 1 2 10 11  
01062 : 1 2 10 12  
01063 : 1 2 10 13  
01064 : 1 2 10 14  
01065 : 1 2 10 15  
01066 : 1 2 10 16  
01067 : 1 2 10 17  
01068 : 1 2 10 18  
01069 : 1 2 10 19  
01070 : 1 2 11 12  
01071 : 1 2 11 13  
01072 : 1 2 11 14  
01073 : 1 2 11 15  
01074 : 1 2 11 16  
01075 : 1 2 11 17  
01076 : 1 2 11 18  
01077 : 1 2 11 19  
01078 : 1 2 12 13  
01079 : 1 2 12 14  
01080 : 1 2 12 15  
01081 : 1 2 12 16  
01082 : 1 2 12 17  
01083 : 1 2 12 18  
01084 : 1 2 12 19  
01085 : 1 2 13 14  
01086 : 1 2 13 15  
01087 : 1 2 13 16  
01088 : 1 2 13 17  
01089 : 1 2 13 18  
01090 : 1 2 13 19  
01091 : 1 2 14 15  
01092 : 1 2 14 16  
01093 : 1 2 14 17  
01094 : 1 2 14 18  
01095 : 1 2 14 19  
01096 : 1 2 15 16  
01097 : 1 2 15 17  
01098 : 1 2 15 18  
01099 : 1 2 15 19  
01100 : 1 2 16 17  
01101 : 1 2 16 18  
01102 : 1 2 16 19  
01103 : 1 2 17 18  
01104 : 1 2 17 19  
01105 : 1 2 18 19  
01106 : 1 3 4 5  
01107 : 1 3 4 6  
01108 : 1 3 4 7  
01109 : 1 3 4 8  
01110 : 1 3 4 9  
01111 : 1 3 4 10  
01112 : 1 3 4 11  
01113 : 1 3 4 12  
01114 : 1 3 4 13  
01115 : 1 3 4 14  
01116 : 1 3 4 15  
01117 : 1 3 4 16  
01118 : 1 3 4 17  
01119 : 1 3 4 18  
01120 : 1 3 4 19  
01121 : 1 3 5 6  
01122 : 1 3 5 7  
01123 : 1 3 5 8  
01124 : 1 3 5 9  
01125 : 1 3 5 10  
01126 : 1 3 5 11  
01127 : 1 3 5 12  
01128 : 1 3 5 13  
01129 : 1 3 5 14  
01130 : 1 3 5 15  
01131 : 1 3 5 16  
01132 : 1 3 5 17  
01133 : 1 3 5 18  
01134 : 1 3 5 19  
01135 : 1 3 6 7  
01136 : 1 3 6 8  
01137 : 1 3 6 9  
01138 : 1 3 6 10  
01139 : 1 3 6 11  
01140 : 1 3 6 12  
01141 : 1 3 6 13  
01142 : 1 3 6 14  
01143 : 1 3 6 15  
01144 : 1 3 6 16  
01145 : 1 3 6 17  
01146 : 1 3 6 18  
01147 : 1 3 6 19  
01148 : 1 3 7 8  
01149 : 1 3 7 9  
01150 : 1 3 7 10  
01151 : 1 3 7 11  
01152 : 1 3 7 12  
01153 : 1 3 7 13  
01154 : 1 3 7 14  
01155 : 1 3 7 15  
01156 : 1 3 7 16  
01157 : 1 3 7 17  
01158 : 1 3 7 18  
01159 : 1 3 7 19  
01160 : 1 3 8 9  
01161 : 1 3 8 10  
01162 : 1 3 8 11  
01163 : 1 3 8 12  
01164 : 1 3 8 13  
01165 : 1 3 8 14  
01166 : 1 3 8 15  
01167 : 1 3 8 16  
01168 : 1 3 8 17  
01169 : 1 3 8 18  
01170 : 1 3 8 19  
01171 : 1 3 9 10  
01172 : 1 3 9 11  
01173 : 1 3 9 12  
01174 : 1 3 9 13  
01175 : 1 3 9 14  
01176 : 1 3 9 15  
01177 : 1 3 9 16  
01178 : 1 3 9 17  
01179 : 1 3 9 18  
01180 : 1 3 9 19  
01181 : 1 3 10 11  
01182 : 1 3 10 12  
01183 : 1 3 10 13  
01184 : 1 3 10 14  
01185 : 1 3 10 15  
01186 : 1 3 10 16  
01187 : 1 3 10 17  
01188 : 1 3 10 18  
01189 : 1 3 10 19  
01190 : 1 3 11 12  
01191 : 1 3 11 13  
01192 : 1 3 11 14  
01193 : 1 3 11 15  
01194 : 1 3 11 16  
01195 : 1 3 11 17  
01196 : 1 3 11 18  
01197 : 1 3 11 19  
01198 : 1 3 12 13  
01199 : 1 3 12 14  
01200 : 1 3 12 15  
01201 : 1 3 12 16  
01202 : 1 3 12 17  
01203 : 1 3 12 18  
01204 : 1 3 12 19  
01205 : 1 3 13 14  
01206 : 1 3 13 15  
01207 : 1 3 13 16  
01208 : 1 3 13 17  
01209 : 1 3 13 18  
01210 : 1 3 13 19  
01211 : 1 3 14 15  
01212 : 1 3 14 16  
01213 : 1 3 14 17  
01214 : 1 3 14 18  
01215 : 1 3 14 19  
01216 : 1 3 15 16  
01217 : 1 3 15 17  
01218 : 1 3 15 18  
01219 : 1 3 15 19  
01220 : 1 3 16 17  
01221 : 1 3 16 18  
01222 : 1 3 16 19  
01223 : 1 3 17 18  
01224 : 1 3 17 19  
01225 : 1 3 18 19  
01226 : 1 4 5 6  
01227 : 1 4 5 7  
01228 : 1 4 5 8  
01229 : 1 4 5 9  
01230 : 1 4 5 10  
01231 : 1 4 5 11  
01232 : 1 4 5 12  
01233 : 1 4 5 13  
01234 : 1 4 5 14  
01235 : 1 4 5 15  
01236 : 1 4 5 16  
01237 : 1 4 5 17  
01238 : 1 4 5 18  
01239 : 1 4 5 19  
01240 : 1 4 6 7  
01241 : 1 4 6 8  
01242 : 1 4 6 9  
01243 : 1 4 6 10  
01244 : 1 4 6 11  
01245 : 1 4 6 12  
01246 : 1 4 6 13  
01247 : 1 4 6 14  
01248 : 1 4 6 15  
01249 : 1 4 6 16  
01250 : 1 4 6 17  
01251 : 1 4 6 18  
01252 : 1 4 6 19  
01253 : 1 4 7 8  
01254 : 1 4 7 9  
01255 : 1 4 7 10  
01256 : 1 4 7 11  
01257 : 1 4 7 12  
01258 : 1 4 7 13  
01259 : 1 4 7 14  
01260 : 1 4 7 15  
01261 : 1 4 7 16  
01262 : 1 4 7 17  
01263 : 1 4 7 18  
01264 : 1 4 7 19  
01265 : 1 4 8 9  
01266 : 1 4 8 10  
01267 : 1 4 8 11  
01268 : 1 4 8 12  
01269 : 1 4 8 13  
01270 : 1 4 8 14  
01271 : 1 4 8 15  
01272 : 1 4 8 16  
01273 : 1 4 8 17  
01274 : 1 4 8 18  
01275 : 1 4 8 19  
01276 : 1 4 9 10  
01277 : 1 4 9 11  
01278 : 1 4 9 12  
01279 : 1 4 9 13  
01280 : 1 4 9 14  
01281 : 1 4 9 15  
01282 : 1 4 9 16  
01283 : 1 4 9 17  
01284 : 1 4 9 18  
01285 : 1 4 9 19  
01286 : 1 4 10 11  
01287 : 1 4 10 12  
01288 : 1 4 10 13  
01289 : 1 4 10 14  
01290 : 1 4 10 15  
01291 : 1 4 10 16  
01292 : 1 4 10 17  
01293 : 1 4 10 18  
01294 : 1 4 10 19  
01295 : 1 4 11 12  
01296 : 1 4 11 13  
01297 : 1 4 11 14  
01298 : 1 4 11 15  
01299 : 1 4 11 16  
01300 : 1 4 11 17  
01301 : 1 4 11 18  
01302 : 1 4 11 19  
01303 : 1 4 12 13  
01304 : 1 4 12 14  
01305 : 1 4 12 15  
01306 : 1 4 12 16  
01307 : 1 4 12 17  
01308 : 1 4 12 18  
01309 : 1 4 12 19  
01310 : 1 4 13 14  
01311 : 1 4 13 15  
01312 : 1 4 13 16  
01313 : 1 4 13 17  
01314 : 1 4 13 18  
01315 : 1 4 13 19  
01316 : 1 4 14 15  
01317 : 1 4 14 16  
01318 : 1 4 14 17  
01319 : 1 4 14 18  
01320 : 1 4 14 19  
01321 : 1 4 15 16  
01322 : 1 4 15 17  
01323 : 1 4 15 18  
01324 : 1 4 15 19  
01325 : 1 4 16 17  
01326 : 1 4 16 18  
01327 : 1 4 16 19  
01328 : 1 4 17 18  
01329 : 1 4 17 19  
01330 : 1 4 18 19  
01331 : 1 5 6 7  
01332 : 1 5 6 8  
01333 : 1 5 6 9  
01334 : 1 5 6 10  
01335 : 1 5 6 11  
01336 : 1 5 6 12  
01337 : 1 5 6 13  
01338 : 1 5 6 14  
01339 : 1 5 6 15  
01340 : 1 5 6 16  
01341 : 1 5 6 17  
01342 : 1 5 6 18  
01343 : 1 5 6 19  
01344 : 1 5 7 8  
01345 : 1 5 7 9  
01346 : 1 5 7 10  
01347 : 1 5 7 11  
01348 : 1 5 7 12  
01349 : 1 5 7 13  
01350 : 1 5 7 14  
01351 : 1 5 7 15  
01352 : 1 5 7 16  
01353 : 1 5 7 17  
01354 : 1 5 7 18  
01355 : 1 5 7 19  
01356 : 1 5 8 9  
01357 : 1 5 8 10  
01358 : 1 5 8 11  
01359 : 1 5 8 12  
01360 : 1 5 8 13  
01361 : 1 5 8 14  
01362 : 1 5 8 15  
01363 : 1 5 8 16  
01364 : 1 5 8 17  
01365 : 1 5 8 18  
01366 : 1 5 8 19  
01367 : 1 5 9 10  
01368 : 1 5 9 11  
01369 : 1 5 9 12  
01370 : 1 5 9 13  
01371 : 1 5 9 14  
01372 : 1 5 9 15  
01373 : 1 5 9 16  
01374 : 1 5 9 17  
01375 : 1 5 9 18  
01376 : 1 5 9 19  
01377 : 1 5 10 11  
01378 : 1 5 10 12  
01379 : 1 5 10 13  
01380 : 1 5 10 14  
01381 : 1 5 10 15  
01382 : 1 5 10 16  
01383 : 1 5 10 17  
01384 : 1 5 10 18  
01385 : 1 5 10 19  
01386 : 1 5 11 12  
01387 : 1 5 11 13  
01388 : 1 5 11 14  
01389 : 1 5 11 15  
01390 : 1 5 11 16  
01391 : 1 5 11 17  
01392 : 1 5 11 18  
01393 : 1 5 11 19  
01394 : 1 5 12 13  
01395 : 1 5 12 14  
01396 : 1 5 12 15  
01397 : 1 5 12 16  
01398 : 1 5 12 17  
01399 : 1 5 12 18  
01400 : 1 5 12 19  
01401 : 1 5 13 14  
01402 : 1 5 13 15  
01403 : 1 5 13 16  
01404 : 1 5 13 17  
01405 : 1 5 13 18  
01406 : 1 5 13 19  
01407 : 1 5 14 15  
01408 : 1 5 14 16  
01409 : 1 5 14 17  
01410 : 1 5 14 18  
01411 : 1 5 14 19  
01412 : 1 5 15 16  
01413 : 1 5 15 17  
01414 : 1 5 15 18  
01415 : 1 5 15 19  
01416 : 1 5 16 17  
01417 : 1 5 16 18  
01418 : 1 5 16 19  
01419 : 1 5 17 18  
01420 : 1 5 17 19  
01421 : 1 5 18 19  
01422 : 1 6 7 8  
01423 : 1 6 7 9  
01424 : 1 6 7 10  
01425 : 1 6 7 11  
01426 : 1 6 7 12  
01427 : 1 6 7 13  
01428 : 1 6 7 14  
01429 : 1 6 7 15  
01430 : 1 6 7 16  
01431 : 1 6 7 17  
01432 : 1 6 7 18  
01433 : 1 6 7 19  
01434 : 1 6 8 9  
01435 : 1 6 8 10  
01436 : 1 6 8 11  
01437 : 1 6 8 12  
01438 : 1 6 8 13  
01439 : 1 6 8 14  
01440 : 1 6 8 15  
01441 : 1 6 8 16  
01442 : 1 6 8 17  
01443 : 1 6 8 18  
01444 : 1 6 8 19  
01445 : 1 6 9 10  
01446 : 1 6 9 11  
01447 : 1 6 9 12  
01448 : 1 6 9 13  
01449 : 1 6 9 14  
01450 : 1 6 9 15  
01451 : 1 6 9 16  
01452 : 1 6 9 17  
01453 : 1 6 9 18  
01454 : 1 6 9 19  
01455 : 1 6 10 11  
01456 : 1 6 10 12  
01457 : 1 6 10 13  
01458 : 1 6 10 14  
01459 : 1 6 10 15  
01460 : 1 6 10 16  
01461 : 1 6 10 17  
01462 : 1 6 10 18  
01463 : 1 6 10 19  
01464 : 1 6 11 12  
01465 : 1 6 11 13  
01466 : 1 6 11 14  
01467 : 1 6 11 15  
01468 : 1 6 11 16  
01469 : 1 6 11 17  
01470 : 1 6 11 18  
01471 : 1 6 11 19  
01472 : 1 6 12 13  
01473 : 1 6 12 14  
01474 : 1 6 12 15  
01475 : 1 6 12 16  
01476 : 1 6 12 17  
01477 : 1 6 12 18  
01478 : 1 6 12 19  
01479 : 1 6 13 14  
01480 : 1 6 13 15  
01481 : 1 6 13 16  
01482 : 1 6 13 17  
01483 : 1 6 13 18  
01484 : 1 6 13 19  
01485 : 1 6 14 15  
01486 : 1 6 14 16  
01487 : 1 6 14 17  
01488 : 1 6 14 18  
01489 : 1 6 14 19  
01490 : 1 6 15 16  
01491 : 1 6 15 17  
01492 : 1 6 15 18  
01493 : 1 6 15 19  
01494 : 1 6 16 17  
01495 : 1 6 16 18  
01496 : 1 6 16 19  
01497 : 1 6 17 18  
01498 : 1 6 17 19  
01499 : 1 6 18 19  
01500 : 1 7 8 9  
01501 : 1 7 8 10  
01502 : 1 7 8 11  
01503 : 1 7 8 12  
01504 : 1 7 8 13  
01505 : 1 7 8 14  
01506 : 1 7 8 15  
01507 : 1 7 8 16  
01508 : 1 7 8 17  
01509 : 1 7 8 18  
01510 : 1 7 8 19  
01511 : 1 7 9 10  
01512 : 1 7 9 11  
01513 : 1 7 9 12  
01514 : 1 7 9 13  
01515 : 1 7 9 14  
01516 : 1 7 9 15  
01517 : 1 7 9 16  
01518 : 1 7 9 17  
01519 : 1 7 9 18  
01520 : 1 7 9 19  
01521 : 1 7 10 11  
01522 : 1 7 10 12  
01523 : 1 7 10 13  
01524 : 1 7 10 14  
01525 : 1 7 10 15  
01526 : 1 7 10 16  
01527 : 1 7 10 17  
01528 : 1 7 10 18  
01529 : 1 7 10 19  
01530 : 1 7 11 12  
01531 : 1 7 11 13  
01532 : 1 7 11 14  
01533 : 1 7 11 15  
01534 : 1 7 11 16  
01535 : 1 7 11 17  
01536 : 1 7 11 18  
01537 : 1 7 11 19  
01538 : 1 7 12 13  
01539 : 1 7 12 14  
01540 : 1 7 12 15  
01541 : 1 7 12 16  
01542 : 1 7 12 17  
01543 : 1 7 12 18  
01544 : 1 7 12 19  
01545 : 1 7 13 14  
01546 : 1 7 13 15  
01547 : 1 7 13 16  
01548 : 1 7 13 17  
01549 : 1 7 13 18  
01550 : 1 7 13 19  
01551 : 1 7 14 15  
01552 : 1 7 14 16  
01553 : 1 7 14 17  
01554 : 1 7 14 18  
01555 : 1 7 14 19  
01556 : 1 7 15 16  
01557 : 1 7 15 17  
01558 : 1 7 15 18  
01559 : 1 7 15 19  
01560 : 1 7 16 17  
01561 : 1 7 16 18  
01562 : 1 7 16 19  
01563 : 1 7 17 18  
01564 : 1 7 17 19  
01565 : 1 7 18 19  
01566 : 1 8 9 10  
01567 : 1 8 9 11  
01568 : 1 8 9 12  
01569 : 1 8 9 13  
01570 : 1 8 9 14  
01571 : 1 8 9 15  
01572 : 1 8 9 16  
01573 : 1 8 9 17  
01574 : 1 8 9 18  
01575 : 1 8 9 19  
01576 : 1 8 10 11  
01577 : 1 8 10 12  
01578 : 1 8 10 13  
01579 : 1 8 10 14  
01580 : 1 8 10 15  
01581 : 1 8 10 16  
01582 : 1 8 10 17  
01583 : 1 8 10 18  
01584 : 1 8 10 19  
01585 : 1 8 11 12  
01586 : 1 8 11 13  
01587 : 1 8 11 14  
01588 : 1 8 11 15  
01589 : 1 8 11 16  
01590 : 1 8 11 17  
01591 : 1 8 11 18  
01592 : 1 8 11 19  
01593 : 1 8 12 13  
01594 : 1 8 12 14  
01595 : 1 8 12 15  
01596 : 1 8 12 16  
01597 : 1 8 12 17  
01598 : 1 8 12 18  
01599 : 1 8 12 19  
01600 : 1 8 13 14  
01601 : 1 8 13 15  
01602 : 1 8 13 16  
01603 : 1 8 13 17  
01604 : 1 8 13 18  
01605 : 1 8 13 19  
01606 : 1 8 14 15  
01607 : 1 8 14 16  
01608 : 1 8 14 17  
01609 : 1 8 14 18  
01610 : 1 8 14 19  
01611 : 1 8 15 16  
01612 : 1 8 15 17  
01613 : 1 8 15 18  
01614 : 1 8 15 19  
01615 : 1 8 16 17  
01616 : 1 8 16 18  
01617 : 1 8 16 19  
01618 : 1 8 17 18  
01619 : 1 8 17 19  
01620 : 1 8 18 19  
01621 : 1 9 10 11  
01622 : 1 9 10 12  
01623 : 1 9 10 13  
01624 : 1 9 10 14  
01625 : 1 9 10 15  
01626 : 1 9 10 16  
01627 : 1 9 10 17  
01628 : 1 9 10 18  
01629 : 1 9 10 19  
01630 : 1 9 11 12  
01631 : 1 9 11 13  
01632 : 1 9 11 14  
01633 : 1 9 11 15  
01634 : 1 9 11 16  
01635 : 1 9 11 17  
01636 : 1 9 11 18  
01637 : 1 9 11 19  
01638 : 1 9 12 13  
01639 : 1 9 12 14  
01640 : 1 9 12 15  
01641 : 1 9 12 16  
01642 : 1 9 12 17  
01643 : 1 9 12 18  
01644 : 1 9 12 19  
01645 : 1 9 13 14  
01646 : 1 9 13 15  
01647 : 1 9 13 16  
01648 : 1 9 13 17  
01649 : 1 9 13 18  
01650 : 1 9 13 19  
01651 : 1 9 14 15  
01652 : 1 9 14 16  
01653 : 1 9 14 17  
01654 : 1 9 14 18  
01655 : 1 9 14 19  
01656 : 1 9 15 16  
01657 : 1 9 15 17  
01658 : 1 9 15 18  
01659 : 1 9 15 19  
01660 : 1 9 16 17  
01661 : 1 9 16 18  
01662 : 1 9 16 19  
01663 : 1 9 17 18  
01664 : 1 9 17 19  
01665 : 1 9 18 19  
01666 : 1 10 11 12  
01667 : 1 10 11 13  
01668 : 1 10 11 14  
01669 : 1 10 11 15  
01670 : 1 10 11 16  
01671 : 1 10 11 17  
01672 : 1 10 11 18  
01673 : 1 10 11 19  
01674 : 1 10 12 13  
01675 : 1 10 12 14  
01676 : 1 10 12 15  
01677 : 1 10 12 16  
01678 : 1 10 12 17  
01679 : 1 10 12 18  
01680 : 1 10 12 19  
01681 : 1 10 13 14  
01682 : 1 10 13 15  
01683 : 1 10 13 16  
01684 : 1 10 13 17  
01685 : 1 10 13 18  
01686 : 1 10 13 19  
01687 : 1 10 14 15  
01688 : 1 10 14 16  
01689 : 1 10 14 17  
01690 : 1 10 14 18  
01691 : 1 10 14 19  
01692 : 1 10 15 16  
01693 : 1 10 15 17  
01694 : 1 10 15 18  
01695 : 1 10 15 19  
01696 : 1 10 16 17  
01697 : 1 10 16 18  
01698 : 1 10 16 19  
01699 : 1 10 17 18  
01700 : 1 10 17 19  
01701 : 1 10 18 19  
01702 : 1 11 12 13  
01703 : 1 11 12 14  
01704 : 1 11 12 15  
01705 : 1 11 12 16  
01706 : 1 11 12 17  
01707 : 1 11 12 18  
01708 : 1 11 12 19  
01709 : 1 11 13 14  
01710 : 1 11 13 15  
01711 : 1 11 13 16  
01712 : 1 11 13 17  
01713 : 1 11 13 18  
01714 : 1 11 13 19  
01715 : 1 11 14 15  
01716 : 1 11 14 16  
01717 : 1 11 14 17  
01718 : 1 11 14 18  
01719 : 1 11 14 19  
01720 : 1 11 15 16  
01721 : 1 11 15 17  
01722 : 1 11 15 18  
01723 : 1 11 15 19  
01724 : 1 11 16 17  
01725 : 1 11 16 18  
01726 : 1 11 16 19  
01727 : 1 11 17 18  
01728 : 1 11 17 19  
01729 : 1 11 18 19  
01730 : 1 12 13 14  
01731 : 1 12 13 15  
01732 : 1 12 13 16  
01733 : 1 12 13 17  
01734 : 1 12 13 18  
01735 : 1 12 13 19  
01736 : 1 12 14 15  
01737 : 1 12 14 16  
01738 : 1 12 14 17  
01739 : 1 12 14 18  
01740 : 1 12 14 19  
01741 : 1 12 15 16  
01742 : 1 12 15 17  
01743 : 1 12 15 18  
01744 : 1 12 15 19  
01745 : 1 12 16 17  
01746 : 1 12 16 18  
01747 : 1 12 16 19  
01748 : 1 12 17 18  
01749 : 1 12 17 19  
01750 : 1 12 18 19  
01751 : 1 13 14 15  
01752 : 1 13 14 16  
01753 : 1 13 14 17  
01754 : 1 13 14 18  
01755 : 1 13 14 19  
01756 : 1 13 15 16  
01757 : 1 13 15 17  
01758 : 1 13 15 18  
01759 : 1 13 15 19  
01760 : 1 13 16 17  
01761 : 1 13 16 18  
01762 : 1 13 16 19  
01763 : 1 13 17 18  
01764 : 1 13 17 19  
01765 : 1 13 18 19  
01766 : 1 14 15 16  
01767 : 1 14 15 17  
01768 : 1 14 15 18  
01769 : 1 14 15 19  
01770 : 1 14 16 17  
01771 : 1 14 16 18  
01772 : 1 14 16 19  
01773 : 1 14 17 18  
01774 : 1 14 17 19  
01775 : 1 14 18 19  
01776 : 1 15 16 17  
01777 : 1 15 16 18  
01778 : 1 15 16 19  
01779 : 1 15 17 18  
01780 : 1 15 17 19  
01781 : 1 15 18 19  
01782 : 1 16 17 18  
01783 : 1 16 17 19  
01784 : 1 16 18 19  
01785 : 1 17 18 19  
01786 : 2 3 4 5  
01787 : 2 3 4 6  
01788 : 2 3 4 7  
01789 : 2 3 4 8  
01790 : 2 3 4 9  
01791 : 2 3 4 10  
01792 : 2 3 4 11  
01793 : 2 3 4 12  
01794 : 2 3 4 13  
01795 : 2 3 4 14  
01796 : 2 3 4 15  
01797 : 2 3 4 16  
01798 : 2 3 4 17  
01799 : 2 3 4 18  
01800 : 2 3 4 19  
01801 : 2 3 5 6  
01802 : 2 3 5 7  
01803 : 2 3 5 8  
01804 : 2 3 5 9  
01805 : 2 3 5 10  
01806 : 2 3 5 11  
01807 : 2 3 5 12  
01808 : 2 3 5 13  
01809 : 2 3 5 14  
01810 : 2 3 5 15  
01811 : 2 3 5 16  
01812 : 2 3 5 17  
01813 : 2 3 5 18  
01814 : 2 3 5 19  
01815 : 2 3 6 7  
01816 : 2 3 6 8  
01817 : 2 3 6 9  
01818 : 2 3 6 10  
01819 : 2 3 6 11  
01820 : 2 3 6 12  
01821 : 2 3 6 13  
01822 : 2 3 6 14  
01823 : 2 3 6 15  
01824 : 2 3 6 16  
01825 : 2 3 6 17  
01826 : 2 3 6 18  
01827 : 2 3 6 19  
01828 : 2 3 7 8  
01829 : 2 3 7 9  
01830 : 2 3 7 10  
01831 : 2 3 7 11  
01832 : 2 3 7 12  
01833 : 2 3 7 13  
01834 : 2 3 7 14  
01835 : 2 3 7 15  
01836 : 2 3 7 16  
01837 : 2 3 7 17  
01838 : 2 3 7 18  
01839 : 2 3 7 19  
01840 : 2 3 8 9  
01841 : 2 3 8 10  
01842 : 2 3 8 11  
01843 : 2 3 8 12  
01844 : 2 3 8 13  
01845 : 2 3 8 14  
01846 : 2 3 8 15  
01847 : 2 3 8 16  
01848 : 2 3 8 17  
01849 : 2 3 8 18  
01850 : 2 3 8 19  
01851 : 2 3 9 10  
01852 : 2 3 9 11  
01853 : 2 3 9 12  
01854 : 2 3 9 13  
01855 : 2 3 9 14  
01856 : 2 3 9 15  
01857 : 2 3 9 16  
01858 : 2 3 9 17  
01859 : 2 3 9 18  
01860 : 2 3 9 19  
01861 : 2 3 10 11  
01862 : 2 3 10 12  
01863 : 2 3 10 13  
01864 : 2 3 10 14  
01865 : 2 3 10 15  
01866 : 2 3 10 16  
01867 : 2 3 10 17  
01868 : 2 3 10 18  
01869 : 2 3 10 19  
01870 : 2 3 11 12  
01871 : 2 3 11 13  
01872 : 2 3 11 14  
01873 : 2 3 11 15  
01874 : 2 3 11 16  
01875 : 2 3 11 17  
01876 : 2 3 11 18  
01877 : 2 3 11 19  
01878 : 2 3 12 13  
01879 : 2 3 12 14  
01880 : 2 3 12 15  
01881 : 2 3 12 16  
01882 : 2 3 12 17  
01883 : 2 3 12 18  
01884 : 2 3 12 19  
01885 : 2 3 13 14  
01886 : 2 3 13 15  
01887 : 2 3 13 16  
01888 : 2 3 13 17  
01889 : 2 3 13 18  
01890 : 2 3 13 19  
01891 : 2 3 14 15  
01892 : 2 3 14 16  
01893 : 2 3 14 17  
01894 : 2 3 14 18  
01895 : 2 3 14 19  
01896 : 2 3 15 16  
01897 : 2 3 15 17  
01898 : 2 3 15 18  
01899 : 2 3 15 19  
01900 : 2 3 16 17  
01901 : 2 3 16 18  
01902 : 2 3 16 19  
01903 : 2 3 17 18  
01904 : 2 3 17 19  
01905 : 2 3 18 19  
01906 : 2 4 5 6  
01907 : 2 4 5 7  
01908 : 2 4 5 8  
01909 : 2 4 5 9  
01910 : 2 4 5 10  
01911 : 2 4 5 11  
01912 : 2 4 5 12  
01913 : 2 4 5 13  
01914 : 2 4 5 14  
01915 : 2 4 5 15  
01916 : 2 4 5 16  
01917 : 2 4 5 17  
01918 : 2 4 5 18  
01919 : 2 4 5 19  
01920 : 2 4 6 7  
01921 : 2 4 6 8  
01922 : 2 4 6 9  
01923 : 2 4 6 10  
01924 : 2 4 6 11  
01925 : 2 4 6 12  
01926 : 2 4 6 13  
01927 : 2 4 6 14  
01928 : 2 4 6 15  
01929 : 2 4 6 16  
01930 : 2 4 6 17  
01931 : 2 4 6 18  
01932 : 2 4 6 19  
01933 : 2 4 7 8  
01934 : 2 4 7 9  
01935 : 2 4 7 10  
01936 : 2 4 7 11  
01937 : 2 4 7 12  
01938 : 2 4 7 13  
01939 : 2 4 7 14  
01940 : 2 4 7 15  
01941 : 2 4 7 16  
01942 : 2 4 7 17  
01943 : 2 4 7 18  
01944 : 2 4 7 19  
01945 : 2 4 8 9  
01946 : 2 4 8 10  
01947 : 2 4 8 11  
01948 : 2 4 8 12  
01949 : 2 4 8 13  
01950 : 2 4 8 14  
01951 : 2 4 8 15  
01952 : 2 4 8 16  
01953 : 2 4 8 17  
01954 : 2 4 8 18  
01955 : 2 4 8 19  
01956 : 2 4 9 10  
01957 : 2 4 9 11  
01958 : 2 4 9 12  
01959 : 2 4 9 13  
01960 : 2 4 9 14  
01961 : 2 4 9 15  
01962 : 2 4 9 16  
01963 : 2 4 9 17  
01964 : 2 4 9 18  
01965 : 2 4 9 19  
01966 : 2 4 10 11  
01967 : 2 4 10 12  
01968 : 2 4 10 13  
01969 : 2 4 10 14  
01970 : 2 4 10 15  
01971 : 2 4 10 16  
01972 : 2 4 10 17  
01973 : 2 4 10 18  
01974 : 2 4 10 19  
01975 : 2 4 11 12  
01976 : 2 4 11 13  
01977 : 2 4 11 14  
01978 : 2 4 11 15  
01979 : 2 4 11 16  
01980 : 2 4 11 17  
01981 : 2 4 11 18  
01982 : 2 4 11 19  
01983 : 2 4 12 13  
01984 : 2 4 12 14  
01985 : 2 4 12 15  
01986 : 2 4 12 16  
01987 : 2 4 12 17  
01988 : 2 4 12 18  
01989 : 2 4 12 19  
01990 : 2 4 13 14  
01991 : 2 4 13 15  
01992 : 2 4 13 16  
01993 : 2 4 13 17  
01994 : 2 4 13 18  
01995 : 2 4 13 19  
01996 : 2 4 14 15  
01997 : 2 4 14 16  
01998 : 2 4 14 17  
01999 : 2 4 14 18  
02000 : 2 4 14 19  
02001 : 2 4 15 16  
02002 : 2 4 15 17  
02003 : 2 4 15 18  
02004 : 2 4 15 19  
02005 : 2 4 16 17  
02006 : 2 4 16 18  
02007 : 2 4 16 19  
02008 : 2 4 17 18  
02009 : 2 4 17 19  
02010 : 2 4 18 19  
02011 : 2 5 6 7  
02012 : 2 5 6 8  
02013 : 2 5 6 9  
02014 : 2 5 6 10  
02015 : 2 5 6 11  
02016 : 2 5 6 12  
02017 : 2 5 6 13  
02018 : 2 5 6 14  
02019 : 2 5 6 15  
02020 : 2 5 6 16  
02021 : 2 5 6 17  
02022 : 2 5 6 18  
02023 : 2 5 6 19  
02024 : 2 5 7 8  
02025 : 2 5 7 9  
02026 : 2 5 7 10  
02027 : 2 5 7 11  
02028 : 2 5 7 12  
02029 : 2 5 7 13  
02030 : 2 5 7 14  
02031 : 2 5 7 15  
02032 : 2 5 7 16  
02033 : 2 5 7 17  
02034 : 2 5 7 18  
02035 : 2 5 7 19  
02036 : 2 5 8 9  
02037 : 2 5 8 10  
02038 : 2 5 8 11  
02039 : 2 5 8 12  
02040 : 2 5 8 13  
02041 : 2 5 8 14  
02042 : 2 5 8 15  
02043 : 2 5 8 16  
02044 : 2 5 8 17  
02045 : 2 5 8 18  
02046 : 2 5 8 19  
02047 : 2 5 9 10  
02048 : 2 5 9 11  
02049 : 2 5 9 12  
02050 : 2 5 9 13  
02051 : 2 5 9 14  
02052 : 2 5 9 15  
02053 : 2 5 9 16  
02054 : 2 5 9 17  
02055 : 2 5 9 18  
02056 : 2 5 9 19  
02057 : 2 5 10 11  
02058 : 2 5 10 12  
02059 : 2 5 10 13  
02060 : 2 5 10 14  
02061 : 2 5 10 15  
02062 : 2 5 10 16  
02063 : 2 5 10 17  
02064 : 2 5 10 18  
02065 : 2 5 10 19  
02066 : 2 5 11 12  
02067 : 2 5 11 13  
02068 : 2 5 11 14  
02069 : 2 5 11 15  
02070 : 2 5 11 16  
02071 : 2 5 11 17  
02072 : 2 5 11 18  
02073 : 2 5 11 19  
02074 : 2 5 12 13  
02075 : 2 5 12 14  
02076 : 2 5 12 15  
02077 : 2 5 12 16  
02078 : 2 5 12 17  
02079 : 2 5 12 18  
02080 : 2 5 12 19  
02081 : 2 5 13 14  
02082 : 2 5 13 15  
02083 : 2 5 13 16  
02084 : 2 5 13 17  
02085 : 2 5 13 18  
02086 : 2 5 13 19  
02087 : 2 5 14 15  
02088 : 2 5 14 16  
02089 : 2 5 14 17  
02090 : 2 5 14 18  
02091 : 2 5 14 19  
02092 : 2 5 15 16  
02093 : 2 5 15 17  
02094 : 2 5 15 18  
02095 : 2 5 15 19  
02096 : 2 5 16 17  
02097 : 2 5 16 18  
02098 : 2 5 16 19  
02099 : 2 5 17 18  
02100 : 2 5 17 19  
02101 : 2 5 18 19  
02102 : 2 6 7 8  
02103 : 2 6 7 9  
02104 : 2 6 7 10  
02105 : 2 6 7 11  
02106 : 2 6 7 12  
02107 : 2 6 7 13  
02108 : 2 6 7 14  
02109 : 2 6 7 15  
02110 : 2 6 7 16  
02111 : 2 6 7 17  
02112 : 2 6 7 18  
02113 : 2 6 7 19  
02114 : 2 6 8 9  
02115 : 2 6 8 10  
02116 : 2 6 8 11  
02117 : 2 6 8 12  
02118 : 2 6 8 13  
02119 : 2 6 8 14  
02120 : 2 6 8 15  
02121 : 2 6 8 16  
02122 : 2 6 8 17  
02123 : 2 6 8 18  
02124 : 2 6 8 19  
02125 : 2 6 9 10  
02126 : 2 6 9 11  
02127 : 2 6 9 12  
02128 : 2 6 9 13  
02129 : 2 6 9 14  
02130 : 2 6 9 15  
02131 : 2 6 9 16  
02132 : 2 6 9 17  
02133 : 2 6 9 18  
02134 : 2 6 9 19  
02135 : 2 6 10 11  
02136 : 2 6 10 12  
02137 : 2 6 10 13  
02138 : 2 6 10 14  
02139 : 2 6 10 15  
02140 : 2 6 10 16  
02141 : 2 6 10 17  
02142 : 2 6 10 18  
02143 : 2 6 10 19  
02144 : 2 6 11 12  
02145 : 2 6 11 13  
02146 : 2 6 11 14  
02147 : 2 6 11 15  
02148 : 2 6 11 16  
02149 : 2 6 11 17  
02150 : 2 6 11 18  
02151 : 2 6 11 19  
02152 : 2 6 12 13  
02153 : 2 6 12 14  
02154 : 2 6 12 15  
02155 : 2 6 12 16  
02156 : 2 6 12 17  
02157 : 2 6 12 18  
02158 : 2 6 12 19  
02159 : 2 6 13 14  
02160 : 2 6 13 15  
02161 : 2 6 13 16  
02162 : 2 6 13 17  
02163 : 2 6 13 18  
02164 : 2 6 13 19  
02165 : 2 6 14 15  
02166 : 2 6 14 16  
02167 : 2 6 14 17  
02168 : 2 6 14 18  
02169 : 2 6 14 19  
02170 : 2 6 15 16  
02171 : 2 6 15 17  
02172 : 2 6 15 18  
02173 : 2 6 15 19  
02174 : 2 6 16 17  
02175 : 2 6 16 18  
02176 : 2 6 16 19  
02177 : 2 6 17 18  
02178 : 2 6 17 19  
02179 : 2 6 18 19  
02180 : 2 7 8 9  
02181 : 2 7 8 10  
02182 : 2 7 8 11  
02183 : 2 7 8 12  
02184 : 2 7 8 13  
02185 : 2 7 8 14  
02186 : 2 7 8 15  
02187 : 2 7 8 16  
02188 : 2 7 8 17  
02189 : 2 7 8 18  
02190 : 2 7 8 19  
02191 : 2 7 9 10  
02192 : 2 7 9 11  
02193 : 2 7 9 12  
02194 : 2 7 9 13  
02195 : 2 7 9 14  
02196 : 2 7 9 15  
02197 : 2 7 9 16  
02198 : 2 7 9 17  
02199 : 2 7 9 18  
02200 : 2 7 9 19  
02201 : 2 7 10 11  
02202 : 2 7 10 12  
02203 : 2 7 10 13  
02204 : 2 7 10 14  
02205 : 2 7 10 15  
02206 : 2 7 10 16  
02207 : 2 7 10 17  
02208 : 2 7 10 18  
02209 : 2 7 10 19  
02210 : 2 7 11 12  
02211 : 2 7 11 13  
02212 : 2 7 11 14  
02213 : 2 7 11 15  
02214 : 2 7 11 16  
02215 : 2 7 11 17  
02216 : 2 7 11 18  
02217 : 2 7 11 19  
02218 : 2 7 12 13  
02219 : 2 7 12 14  
02220 : 2 7 12 15  
02221 : 2 7 12 16  
02222 : 2 7 12 17  
02223 : 2 7 12 18  
02224 : 2 7 12 19  
02225 : 2 7 13 14  
02226 : 2 7 13 15  
02227 : 2 7 13 16  
02228 : 2 7 13 17  
02229 : 2 7 13 18  
02230 : 2 7 13 19  
02231 : 2 7 14 15  
02232 : 2 7 14 16  
02233 : 2 7 14 17  
02234 : 2 7 14 18  
02235 : 2 7 14 19  
02236 : 2 7 15 16  
02237 : 2 7 15 17  
02238 : 2 7 15 18  
02239 : 2 7 15 19  
02240 : 2 7 16 17  
02241 : 2 7 16 18  
02242 : 2 7 16 19  
02243 : 2 7 17 18  
02244 : 2 7 17 19  
02245 : 2 7 18 19  
02246 : 2 8 9 10  
02247 : 2 8 9 11  
02248 : 2 8 9 12  
02249 : 2 8 9 13  
02250 : 2 8 9 14  
02251 : 2 8 9 15  
02252 : 2 8 9 16  
02253 : 2 8 9 17  
02254 : 2 8 9 18  
02255 : 2 8 9 19  
02256 : 2 8 10 11  
02257 : 2 8 10 12  
02258 : 2 8 10 13  
02259 : 2 8 10 14  
02260 : 2 8 10 15  
02261 : 2 8 10 16  
02262 : 2 8 10 17  
02263 : 2 8 10 18  
02264 : 2 8 10 19  
02265 : 2 8 11 12  
02266 : 2 8 11 13  
02267 : 2 8 11 14  
02268 : 2 8 11 15  
02269 : 2 8 11 16  
02270 : 2 8 11 17  
02271 : 2 8 11 18  
02272 : 2 8 11 19  
02273 : 2 8 12 13  
02274 : 2 8 12 14  
02275 : 2 8 12 15  
02276 : 2 8 12 16  
02277 : 2 8 12 17  
02278 : 2 8 12 18  
02279 : 2 8 12 19  
02280 : 2 8 13 14  
02281 : 2 8 13 15  
02282 : 2 8 13 16  
02283 : 2 8 13 17  
02284 : 2 8 13 18  
02285 : 2 8 13 19  
02286 : 2 8 14 15  
02287 : 2 8 14 16  
02288 : 2 8 14 17  
02289 : 2 8 14 18  
02290 : 2 8 14 19  
02291 : 2 8 15 16  
02292 : 2 8 15 17  
02293 : 2 8 15 18  
02294 : 2 8 15 19  
02295 : 2 8 16 17  
02296 : 2 8 16 18  
02297 : 2 8 16 19  
02298 : 2 8 17 18  
02299 : 2 8 17 19  
02300 : 2 8 18 19  
02301 : 2 9 10 11  
02302 : 2 9 10 12  
02303 : 2 9 10 13  
02304 : 2 9 10 14  
02305 : 2 9 10 15  
02306 : 2 9 10 16  
02307 : 2 9 10 17  
02308 : 2 9 10 18  
02309 : 2 9 10 19  
02310 : 2 9 11 12  
02311 : 2 9 11 13  
02312 : 2 9 11 14  
02313 : 2 9 11 15  
02314 : 2 9 11 16  
02315 : 2 9 11 17  
02316 : 2 9 11 18  
02317 : 2 9 11 19  
02318 : 2 9 12 13  
02319 : 2 9 12 14  
02320 : 2 9 12 15  
02321 : 2 9 12 16  
02322 : 2 9 12 17  
02323 : 2 9 12 18  
02324 : 2 9 12 19  
02325 : 2 9 13 14  
02326 : 2 9 13 15  
02327 : 2 9 13 16  
02328 : 2 9 13 17  
02329 : 2 9 13 18  
02330 : 2 9 13 19  
02331 : 2 9 14 15  
02332 : 2 9 14 16  
02333 : 2 9 14 17  
02334 : 2 9 14 18  
02335 : 2 9 14 19  
02336 : 2 9 15 16  
02337 : 2 9 15 17  
02338 : 2 9 15 18  
02339 : 2 9 15 19  
02340 : 2 9 16 17  
02341 : 2 9 16 18  
02342 : 2 9 16 19  
02343 : 2 9 17 18  
02344 : 2 9 17 19  
02345 : 2 9 18 19  
02346 : 2 10 11 12  
02347 : 2 10 11 13  
02348 : 2 10 11 14  
02349 : 2 10 11 15  
02350 : 2 10 11 16  
02351 : 2 10 11 17  
02352 : 2 10 11 18  
02353 : 2 10 11 19  
02354 : 2 10 12 13  
02355 : 2 10 12 14  
02356 : 2 10 12 15  
02357 : 2 10 12 16  
02358 : 2 10 12 17  
02359 : 2 10 12 18  
02360 : 2 10 12 19  
02361 : 2 10 13 14  
02362 : 2 10 13 15  
02363 : 2 10 13 16  
02364 : 2 10 13 17  
02365 : 2 10 13 18  
02366 : 2 10 13 19  
02367 : 2 10 14 15  
02368 : 2 10 14 16  
02369 : 2 10 14 17  
02370 : 2 10 14 18  
02371 : 2 10 14 19  
02372 : 2 10 15 16  
02373 : 2 10 15 17  
02374 : 2 10 15 18  
02375 : 2 10 15 19  
02376 : 2 10 16 17  
02377 : 2 10 16 18  
02378 : 2 10 16 19  
02379 : 2 10 17 18  
02380 : 2 10 17 19  
02381 : 2 10 18 19  
02382 : 2 11 12 13  
02383 : 2 11 12 14  
02384 : 2 11 12 15  
02385 : 2 11 12 16  
02386 : 2 11 12 17  
02387 : 2 11 12 18  
02388 : 2 11 12 19  
02389 : 2 11 13 14  
02390 : 2 11 13 15  
02391 : 2 11 13 16  
02392 : 2 11 13 17  
02393 : 2 11 13 18  
02394 : 2 11 13 19  
02395 : 2 11 14 15  
02396 : 2 11 14 16  
02397 : 2 11 14 17  
02398 : 2 11 14 18  
02399 : 2 11 14 19  
02400 : 2 11 15 16  
02401 : 2 11 15 17  
02402 : 2 11 15 18  
02403 : 2 11 15 19  
02404 : 2 11 16 17  
02405 : 2 11 16 18  
02406 : 2 11 16 19  
02407 : 2 11 17 18  
02408 : 2 11 17 19  
02409 : 2 11 18 19  
02410 : 2 12 13 14  
02411 : 2 12 13 15  
02412 : 2 12 13 16  
02413 : 2 12 13 17  
02414 : 2 12 13 18  
02415 : 2 12 13 19  
02416 : 2 12 14 15  
02417 : 2 12 14 16  
02418 : 2 12 14 17  
02419 : 2 12 14 18  
02420 : 2 12 14 19  
02421 : 2 12 15 16  
02422 : 2 12 15 17  
02423 : 2 12 15 18  
02424 : 2 12 15 19  
02425 : 2 12 16 17  
02426 : 2 12 16 18  
02427 : 2 12 16 19  
02428 : 2 12 17 18  
02429 : 2 12 17 19  
02430 : 2 12 18 19  
02431 : 2 13 14 15  
02432 : 2 13 14 16  
02433 : 2 13 14 17  
02434 : 2 13 14 18  
02435 : 2 13 14 19  
02436 : 2 13 15 16  
02437 : 2 13 15 17  
02438 : 2 13 15 18  
02439 : 2 13 15 19  
02440 : 2 13 16 17  
02441 : 2 13 16 18  
02442 : 2 13 16 19  
02443 : 2 13 17 18  
02444 : 2 13 17 19  
02445 : 2 13 18 19  
02446 : 2 14 15 16  
02447 : 2 14 15 17  
02448 : 2 14 15 18  
02449 : 2 14 15 19  
02450 : 2 14 16 17  
02451 : 2 14 16 18  
02452 : 2 14 16 19  
02453 : 2 14 17 18  
02454 : 2 14 17 19  
02455 : 2 14 18 19  
02456 : 2 15 16 17  
02457 : 2 15 16 18  
02458 : 2 15 16 19  
02459 : 2 15 17 18  
02460 : 2 15 17 19  
02461 : 2 15 18 19  
02462 : 2 16 17 18  
02463 : 2 16 17 19  
02464 : 2 16 18 19  
02465 : 2 17 18 19  
02466 : 3 4 5 6  
02467 : 3 4 5 7  
02468 : 3 4 5 8  
02469 : 3 4 5 9  
02470 : 3 4 5 10  
02471 : 3 4 5 11  
02472 : 3 4 5 12  
02473 : 3 4 5 13  
02474 : 3 4 5 14  
02475 : 3 4 5 15  
02476 : 3 4 5 16  
02477 : 3 4 5 17  
02478 : 3 4 5 18  
02479 : 3 4 5 19  
02480 : 3 4 6 7  
02481 : 3 4 6 8  
02482 : 3 4 6 9  
02483 : 3 4 6 10  
02484 : 3 4 6 11  
02485 : 3 4 6 12  
02486 : 3 4 6 13  
02487 : 3 4 6 14  
02488 : 3 4 6 15  
02489 : 3 4 6 16  
02490 : 3 4 6 17  
02491 : 3 4 6 18  
02492 : 3 4 6 19  
02493 : 3 4 7 8  
02494 : 3 4 7 9  
02495 : 3 4 7 10  
02496 : 3 4 7 11  
02497 : 3 4 7 12  
02498 : 3 4 7 13  
02499 : 3 4 7 14  
02500 : 3 4 7 15  
02501 : 3 4 7 16  
02502 : 3 4 7 17  
02503 : 3 4 7 18  
02504 : 3 4 7 19  
02505 : 3 4 8 9  
02506 : 3 4 8 10  
02507 : 3 4 8 11  
02508 : 3 4 8 12  
02509 : 3 4 8 13  
02510 : 3 4 8 14  
02511 : 3 4 8 15  
02512 : 3 4 8 16  
02513 : 3 4 8 17  
02514 : 3 4 8 18  
02515 : 3 4 8 19  
02516 : 3 4 9 10  
02517 : 3 4 9 11  
02518 : 3 4 9 12  
02519 : 3 4 9 13  
02520 : 3 4 9 14  
02521 : 3 4 9 15  
02522 : 3 4 9 16  
02523 : 3 4 9 17  
02524 : 3 4 9 18  
02525 : 3 4 9 19  
02526 : 3 4 10 11  
02527 : 3 4 10 12  
02528 : 3 4 10 13  
02529 : 3 4 10 14  
02530 : 3 4 10 15  
02531 : 3 4 10 16  
02532 : 3 4 10 17  
02533 : 3 4 10 18  
02534 : 3 4 10 19  
02535 : 3 4 11 12  
02536 : 3 4 11 13  
02537 : 3 4 11 14  
02538 : 3 4 11 15  
02539 : 3 4 11 16  
02540 : 3 4 11 17  
02541 : 3 4 11 18  
02542 : 3 4 11 19  
02543 : 3 4 12 13  
02544 : 3 4 12 14  
02545 : 3 4 12 15  
02546 : 3 4 12 16  
02547 : 3 4 12 17  
02548 : 3 4 12 18  
02549 : 3 4 12 19  
02550 : 3 4 13 14  
02551 : 3 4 13 15  
02552 : 3 4 13 16  
02553 : 3 4 13 17  
02554 : 3 4 13 18  
02555 : 3 4 13 19  
02556 : 3 4 14 15  
02557 : 3 4 14 16  
02558 : 3 4 14 17  
02559 : 3 4 14 18  
02560 : 3 4 14 19  
02561 : 3 4 15 16  
02562 : 3 4 15 17  
02563 : 3 4 15 18  
02564 : 3 4 15 19  
02565 : 3 4 16 17  
02566 : 3 4 16 18  
02567 : 3 4 16 19  
02568 : 3 4 17 18  
02569 : 3 4 17 19  
02570 : 3 4 18 19  
02571 : 3 5 6 7  
02572 : 3 5 6 8  
02573 : 3 5 6 9  
02574 : 3 5 6 10  
02575 : 3 5 6 11  
02576 : 3 5 6 12  
02577 : 3 5 6 13  
02578 : 3 5 6 14  
02579 : 3 5 6 15  
02580 : 3 5 6 16  
02581 : 3 5 6 17  
02582 : 3 5 6 18  
02583 : 3 5 6 19  
02584 : 3 5 7 8  
02585 : 3 5 7 9  
02586 : 3 5 7 10  
02587 : 3 5 7 11  
02588 : 3 5 7 12  
02589 : 3 5 7 13  
02590 : 3 5 7 14  
02591 : 3 5 7 15  
02592 : 3 5 7 16  
02593 : 3 5 7 17  
02594 : 3 5 7 18  
02595 : 3 5 7 19  
02596 : 3 5 8 9  
02597 : 3 5 8 10  
02598 : 3 5 8 11  
02599 : 3 5 8 12  
02600 : 3 5 8 13  
02601 : 3 5 8 14  
02602 : 3 5 8 15  
02603 : 3 5 8 16  
02604 : 3 5 8 17  
02605 : 3 5 8 18  
02606 : 3 5 8 19  
02607 : 3 5 9 10  
02608 : 3 5 9 11  
02609 : 3 5 9 12  
02610 : 3 5 9 13  
02611 : 3 5 9 14  
02612 : 3 5 9 15  
02613 : 3 5 9 16  
02614 : 3 5 9 17  
02615 : 3 5 9 18  
02616 : 3 5 9 19  
02617 : 3 5 10 11  
02618 : 3 5 10 12  
02619 : 3 5 10 13  
02620 : 3 5 10 14  
02621 : 3 5 10 15  
02622 : 3 5 10 16  
02623 : 3 5 10 17  
02624 : 3 5 10 18  
02625 : 3 5 10 19  
02626 : 3 5 11 12  
02627 : 3 5 11 13  
02628 : 3 5 11 14  
02629 : 3 5 11 15  
02630 : 3 5 11 16  
02631 : 3 5 11 17  
02632 : 3 5 11 18  
02633 : 3 5 11 19  
02634 : 3 5 12 13  
02635 : 3 5 12 14  
02636 : 3 5 12 15  
02637 : 3 5 12 16  
02638 : 3 5 12 17  
02639 : 3 5 12 18  
02640 : 3 5 12 19  
02641 : 3 5 13 14  
02642 : 3 5 13 15  
02643 : 3 5 13 16  
02644 : 3 5 13 17  
02645 : 3 5 13 18  
02646 : 3 5 13 19  
02647 : 3 5 14 15  
02648 : 3 5 14 16  
02649 : 3 5 14 17  
02650 : 3 5 14 18  
02651 : 3 5 14 19  
02652 : 3 5 15 16  
02653 : 3 5 15 17  
02654 : 3 5 15 18  
02655 : 3 5 15 19  
02656 : 3 5 16 17  
02657 : 3 5 16 18  
02658 : 3 5 16 19  
02659 : 3 5 17 18  
02660 : 3 5 17 19  
02661 : 3 5 18 19  
02662 : 3 6 7 8  
02663 : 3 6 7 9  
02664 : 3 6 7 10  
02665 : 3 6 7 11  
02666 : 3 6 7 12  
02667 : 3 6 7 13  
02668 : 3 6 7 14  
02669 : 3 6 7 15  
02670 : 3 6 7 16  
02671 : 3 6 7 17  
02672 : 3 6 7 18  
02673 : 3 6 7 19  
02674 : 3 6 8 9  
02675 : 3 6 8 10  
02676 : 3 6 8 11  
02677 : 3 6 8 12  
02678 : 3 6 8 13  
02679 : 3 6 8 14  
02680 : 3 6 8 15  
02681 : 3 6 8 16  
02682 : 3 6 8 17  
02683 : 3 6 8 18  
02684 : 3 6 8 19  
02685 : 3 6 9 10  
02686 : 3 6 9 11  
02687 : 3 6 9 12  
02688 : 3 6 9 13  
02689 : 3 6 9 14  
02690 : 3 6 9 15  
02691 : 3 6 9 16  
02692 : 3 6 9 17  
02693 : 3 6 9 18  
02694 : 3 6 9 19  
02695 : 3 6 10 11  
02696 : 3 6 10 12  
02697 : 3 6 10 13  
02698 : 3 6 10 14  
02699 : 3 6 10 15  
02700 : 3 6 10 16  
02701 : 3 6 10 17  
02702 : 3 6 10 18  
02703 : 3 6 10 19  
02704 : 3 6 11 12  
02705 : 3 6 11 13  
02706 : 3 6 11 14  
02707 : 3 6 11 15  
02708 : 3 6 11 16  
02709 : 3 6 11 17  
02710 : 3 6 11 18  
02711 : 3 6 11 19  
02712 : 3 6 12 13  
02713 : 3 6 12 14  
02714 : 3 6 12 15  
02715 : 3 6 12 16  
02716 : 3 6 12 17  
02717 : 3 6 12 18  
02718 : 3 6 12 19  
02719 : 3 6 13 14  
02720 : 3 6 13 15  
02721 : 3 6 13 16  
02722 : 3 6 13 17  
02723 : 3 6 13 18  
02724 : 3 6 13 19  
02725 : 3 6 14 15  
02726 : 3 6 14 16  
02727 : 3 6 14 17  
02728 : 3 6 14 18  
02729 : 3 6 14 19  
02730 : 3 6 15 16  
02731 : 3 6 15 17  
02732 : 3 6 15 18  
02733 : 3 6 15 19  
02734 : 3 6 16 17  
02735 : 3 6 16 18  
02736 : 3 6 16 19  
02737 : 3 6 17 18  
02738 : 3 6 17 19  
02739 : 3 6 18 19  
02740 : 3 7 8 9  
02741 : 3 7 8 10  
02742 : 3 7 8 11  
02743 : 3 7 8 12  
02744 : 3 7 8 13  
02745 : 3 7 8 14  
02746 : 3 7 8 15  
02747 : 3 7 8 16  
02748 : 3 7 8 17  
02749 : 3 7 8 18  
02750 : 3 7 8 19  
02751 : 3 7 9 10  
02752 : 3 7 9 11  
02753 : 3 7 9 12  
02754 : 3 7 9 13  
02755 : 3 7 9 14  
02756 : 3 7 9 15  
02757 : 3 7 9 16  
02758 : 3 7 9 17  
02759 : 3 7 9 18  
02760 : 3 7 9 19  
02761 : 3 7 10 11  
02762 : 3 7 10 12  
02763 : 3 7 10 13  
02764 : 3 7 10 14  
02765 : 3 7 10 15  
02766 : 3 7 10 16  
02767 : 3 7 10 17  
02768 : 3 7 10 18  
02769 : 3 7 10 19  
02770 : 3 7 11 12  
02771 : 3 7 11 13  
02772 : 3 7 11 14  
02773 : 3 7 11 15  
02774 : 3 7 11 16  
02775 : 3 7 11 17  
02776 : 3 7 11 18  
02777 : 3 7 11 19  
02778 : 3 7 12 13  
02779 : 3 7 12 14  
02780 : 3 7 12 15  
02781 : 3 7 12 16  
02782 : 3 7 12 17  
02783 : 3 7 12 18  
02784 : 3 7 12 19  
02785 : 3 7 13 14  
02786 : 3 7 13 15  
02787 : 3 7 13 16  
02788 : 3 7 13 17  
02789 : 3 7 13 18  
02790 : 3 7 13 19  
02791 : 3 7 14 15  
02792 : 3 7 14 16  
02793 : 3 7 14 17  
02794 : 3 7 14 18  
02795 : 3 7 14 19  
02796 : 3 7 15 16  
02797 : 3 7 15 17  
02798 : 3 7 15 18  
02799 : 3 7 15 19  
02800 : 3 7 16 17  
02801 : 3 7 16 18  
02802 : 3 7 16 19  
02803 : 3 7 17 18  
02804 : 3 7 17 19  
02805 : 3 7 18 19  
02806 : 3 8 9 10  
02807 : 3 8 9 11  
02808 : 3 8 9 12  
02809 : 3 8 9 13  
02810 : 3 8 9 14  
02811 : 3 8 9 15  
02812 : 3 8 9 16  
02813 : 3 8 9 17  
02814 : 3 8 9 18  
02815 : 3 8 9 19  
02816 : 3 8 10 11  
02817 : 3 8 10 12  
02818 : 3 8 10 13  
02819 : 3 8 10 14  
02820 : 3 8 10 15  
02821 : 3 8 10 16  
02822 : 3 8 10 17  
02823 : 3 8 10 18  
02824 : 3 8 10 19  
02825 : 3 8 11 12  
02826 : 3 8 11 13  
02827 : 3 8 11 14  
02828 : 3 8 11 15  
02829 : 3 8 11 16  
02830 : 3 8 11 17  
02831 : 3 8 11 18  
02832 : 3 8 11 19  
02833 : 3 8 12 13  
02834 : 3 8 12 14  
02835 : 3 8 12 15  
02836 : 3 8 12 16  
02837 : 3 8 12 17  
02838 : 3 8 12 18  
02839 : 3 8 12 19  
02840 : 3 8 13 14  
02841 : 3 8 13 15  
02842 : 3 8 13 16  
02843 : 3 8 13 17  
02844 : 3 8 13 18  
02845 : 3 8 13 19  
02846 : 3 8 14 15  
02847 : 3 8 14 16  
02848 : 3 8 14 17  
02849 : 3 8 14 18  
02850 : 3 8 14 19  
02851 : 3 8 15 16  
02852 : 3 8 15 17  
02853 : 3 8 15 18  
02854 : 3 8 15 19  
02855 : 3 8 16 17  
02856 : 3 8 16 18  
02857 : 3 8 16 19  
02858 : 3 8 17 18  
02859 : 3 8 17 19  
02860 : 3 8 18 19  
02861 : 3 9 10 11  
02862 : 3 9 10 12  
02863 : 3 9 10 13  
02864 : 3 9 10 14  
02865 : 3 9 10 15  
02866 : 3 9 10 16  
02867 : 3 9 10 17  
02868 : 3 9 10 18  
02869 : 3 9 10 19  
02870 : 3 9 11 12  
02871 : 3 9 11 13  
02872 : 3 9 11 14  
02873 : 3 9 11 15  
02874 : 3 9 11 16  
02875 : 3 9 11 17  
02876 : 3 9 11 18  
02877 : 3 9 11 19  
02878 : 3 9 12 13  
02879 : 3 9 12 14  
02880 : 3 9 12 15  
02881 : 3 9 12 16  
02882 : 3 9 12 17  
02883 : 3 9 12 18  
02884 : 3 9 12 19  
02885 : 3 9 13 14  
02886 : 3 9 13 15  
02887 : 3 9 13 16  
02888 : 3 9 13 17  
02889 : 3 9 13 18  
02890 : 3 9 13 19  
02891 : 3 9 14 15  
02892 : 3 9 14 16  
02893 : 3 9 14 17  
02894 : 3 9 14 18  
02895 : 3 9 14 19  
02896 : 3 9 15 16  
02897 : 3 9 15 17  
02898 : 3 9 15 18  
02899 : 3 9 15 19  
02900 : 3 9 16 17  
02901 : 3 9 16 18  
02902 : 3 9 16 19  
02903 : 3 9 17 18  
02904 : 3 9 17 19  
02905 : 3 9 18 19  
02906 : 3 10 11 12  
02907 : 3 10 11 13  
02908 : 3 10 11 14  
02909 : 3 10 11 15  
02910 : 3 10 11 16  
02911 : 3 10 11 17  
02912 : 3 10 11 18  
02913 : 3 10 11 19  
02914 : 3 10 12 13  
02915 : 3 10 12 14  
02916 : 3 10 12 15  
02917 : 3 10 12 16  
02918 : 3 10 12 17  
02919 : 3 10 12 18  
02920 : 3 10 12 19  
02921 : 3 10 13 14  
02922 : 3 10 13 15  
02923 : 3 10 13 16  
02924 : 3 10 13 17  
02925 : 3 10 13 18  
02926 : 3 10 13 19  
02927 : 3 10 14 15  
02928 : 3 10 14 16  
02929 : 3 10 14 17  
02930 : 3 10 14 18  
02931 : 3 10 14 19  
02932 : 3 10 15 16  
02933 : 3 10 15 17  
02934 : 3 10 15 18  
02935 : 3 10 15 19  
02936 : 3 10 16 17  
02937 : 3 10 16 18  
02938 : 3 10 16 19  
02939 : 3 10 17 18  
02940 : 3 10 17 19  
02941 : 3 10 18 19  
02942 : 3 11 12 13  
02943 : 3 11 12 14  
02944 : 3 11 12 15  
02945 : 3 11 12 16  
02946 : 3 11 12 17  
02947 : 3 11 12 18  
02948 : 3 11 12 19  
02949 : 3 11 13 14  
02950 : 3 11 13 15  
02951 : 3 11 13 16  
02952 : 3 11 13 17  
02953 : 3 11 13 18  
02954 : 3 11 13 19  
02955 : 3 11 14 15  
02956 : 3 11 14 16  
02957 : 3 11 14 17  
02958 : 3 11 14 18  
02959 : 3 11 14 19  
02960 : 3 11 15 16  
02961 : 3 11 15 17  
02962 : 3 11 15 18  
02963 : 3 11 15 19  
02964 : 3 11 16 17  
02965 : 3 11 16 18  
02966 : 3 11 16 19  
02967 : 3 11 17 18  
02968 : 3 11 17 19  
02969 : 3 11 18 19  
02970 : 3 12 13 14  
02971 : 3 12 13 15  
02972 : 3 12 13 16  
02973 : 3 12 13 17  
02974 : 3 12 13 18  
02975 : 3 12 13 19  
02976 : 3 12 14 15  
02977 : 3 12 14 16  
02978 : 3 12 14 17  
02979 : 3 12 14 18  
02980 : 3 12 14 19  
02981 : 3 12 15 16  
02982 : 3 12 15 17  
02983 : 3 12 15 18  
02984 : 3 12 15 19  
02985 : 3 12 16 17  
02986 : 3 12 16 18  
02987 : 3 12 16 19  
02988 : 3 12 17 18  
02989 : 3 12 17 19  
02990 : 3 12 18 19  
02991 : 3 13 14 15  
02992 : 3 13 14 16  
02993 : 3 13 14 17  
02994 : 3 13 14 18  
02995 : 3 13 14 19  
02996 : 3 13 15 16  
02997 : 3 13 15 17  
02998 : 3 13 15 18  
02999 : 3 13 15 19  
03000 : 3 13 16 17  
03001 : 3 13 16 18  
03002 : 3 13 16 19  
03003 : 3 13 17 18  
03004 : 3 13 17 19  
03005 : 3 13 18 19  
03006 : 3 14 15 16  
03007 : 3 14 15 17  
03008 : 3 14 15 18  
03009 : 3 14 15 19  
03010 : 3 14 16 17  
03011 : 3 14 16 18  
03012 : 3 14 16 19  
03013 : 3 14 17 18  
03014 : 3 14 17 19  
03015 : 3 14 18 19  
03016 : 3 15 16 17  
03017 : 3 15 16 18  
03018 : 3 15 16 19  
03019 : 3 15 17 18  
03020 : 3 15 17 19  
03021 : 3 15 18 19  
03022 : 3 16 17 18  
03023 : 3 16 17 19  
03024 : 3 16 18 19  
03025 : 3 17 18 19  
03026 : 4 5 6 7  
03027 : 4 5 6 8  
03028 : 4 5 6 9  
03029 : 4 5 6 10  
03030 : 4 5 6 11  
03031 : 4 5 6 12  
03032 : 4 5 6 13  
03033 : 4 5 6 14  
03034 : 4 5 6 15  
03035 : 4 5 6 16  
03036 : 4 5 6 17  
03037 : 4 5 6 18  
03038 : 4 5 6 19  
03039 : 4 5 7 8  
03040 : 4 5 7 9  
03041 : 4 5 7 10  
03042 : 4 5 7 11  
03043 : 4 5 7 12  
03044 : 4 5 7 13  
03045 : 4 5 7 14  
03046 : 4 5 7 15  
03047 : 4 5 7 16  
03048 : 4 5 7 17  
03049 : 4 5 7 18  
03050 : 4 5 7 19  
03051 : 4 5 8 9  
03052 : 4 5 8 10  
03053 : 4 5 8 11  
03054 : 4 5 8 12  
03055 : 4 5 8 13  
03056 : 4 5 8 14  
03057 : 4 5 8 15  
03058 : 4 5 8 16  
03059 : 4 5 8 17  
03060 : 4 5 8 18  
03061 : 4 5 8 19  
03062 : 4 5 9 10  
03063 : 4 5 9 11  
03064 : 4 5 9 12  
03065 : 4 5 9 13  
03066 : 4 5 9 14  
03067 : 4 5 9 15  
03068 : 4 5 9 16  
03069 : 4 5 9 17  
03070 : 4 5 9 18  
03071 : 4 5 9 19  
03072 : 4 5 10 11  
03073 : 4 5 10 12  
03074 : 4 5 10 13  
03075 : 4 5 10 14  
03076 : 4 5 10 15  
03077 : 4 5 10 16  
03078 : 4 5 10 17  
03079 : 4 5 10 18  
03080 : 4 5 10 19  
03081 : 4 5 11 12  
03082 : 4 5 11 13  
03083 : 4 5 11 14  
03084 : 4 5 11 15  
03085 : 4 5 11 16  
03086 : 4 5 11 17  
03087 : 4 5 11 18  
03088 : 4 5 11 19  
03089 : 4 5 12 13  
03090 : 4 5 12 14  
03091 : 4 5 12 15  
03092 : 4 5 12 16  
03093 : 4 5 12 17  
03094 : 4 5 12 18  
03095 : 4 5 12 19  
03096 : 4 5 13 14  
03097 : 4 5 13 15  
03098 : 4 5 13 16  
03099 : 4 5 13 17  
03100 : 4 5 13 18  
03101 : 4 5 13 19  
03102 : 4 5 14 15  
03103 : 4 5 14 16  
03104 : 4 5 14 17  
03105 : 4 5 14 18  
03106 : 4 5 14 19  
03107 : 4 5 15 16  
03108 : 4 5 15 17  
03109 : 4 5 15 18  
03110 : 4 5 15 19  
03111 : 4 5 16 17  
03112 : 4 5 16 18  
03113 : 4 5 16 19  
03114 : 4 5 17 18  
03115 : 4 5 17 19  
03116 : 4 5 18 19  
03117 : 4 6 7 8  
03118 : 4 6 7 9  
03119 : 4 6 7 10  
03120 : 4 6 7 11  
03121 : 4 6 7 12  
03122 : 4 6 7 13  
03123 : 4 6 7 14  
03124 : 4 6 7 15  
03125 : 4 6 7 16  
03126 : 4 6 7 17  
03127 : 4 6 7 18  
03128 : 4 6 7 19  
03129 : 4 6 8 9  
03130 : 4 6 8 10  
03131 : 4 6 8 11  
03132 : 4 6 8 12  
03133 : 4 6 8 13  
03134 : 4 6 8 14  
03135 : 4 6 8 15  
03136 : 4 6 8 16  
03137 : 4 6 8 17  
03138 : 4 6 8 18  
03139 : 4 6 8 19  
03140 : 4 6 9 10  
03141 : 4 6 9 11  
03142 : 4 6 9 12  
03143 : 4 6 9 13  
03144 : 4 6 9 14  
03145 : 4 6 9 15  
03146 : 4 6 9 16  
03147 : 4 6 9 17  
03148 : 4 6 9 18  
03149 : 4 6 9 19  
03150 : 4 6 10 11  
03151 : 4 6 10 12  
03152 : 4 6 10 13  
03153 : 4 6 10 14  
03154 : 4 6 10 15  
03155 : 4 6 10 16  
03156 : 4 6 10 17  
03157 : 4 6 10 18  
03158 : 4 6 10 19  
03159 : 4 6 11 12  
03160 : 4 6 11 13  
03161 : 4 6 11 14  
03162 : 4 6 11 15  
03163 : 4 6 11 16  
03164 : 4 6 11 17  
03165 : 4 6 11 18  
03166 : 4 6 11 19  
03167 : 4 6 12 13  
03168 : 4 6 12 14  
03169 : 4 6 12 15  
03170 : 4 6 12 16  
03171 : 4 6 12 17  
03172 : 4 6 12 18  
03173 : 4 6 12 19  
03174 : 4 6 13 14  
03175 : 4 6 13 15  
03176 : 4 6 13 16  
03177 : 4 6 13 17  
03178 : 4 6 13 18  
03179 : 4 6 13 19  
03180 : 4 6 14 15  
03181 : 4 6 14 16  
03182 : 4 6 14 17  
03183 : 4 6 14 18  
03184 : 4 6 14 19  
03185 : 4 6 15 16  
03186 : 4 6 15 17  
03187 : 4 6 15 18  
03188 : 4 6 15 19  
03189 : 4 6 16 17  
03190 : 4 6 16 18  
03191 : 4 6 16 19  
03192 : 4 6 17 18  
03193 : 4 6 17 19  
03194 : 4 6 18 19  
03195 : 4 7 8 9  
03196 : 4 7 8 10  
03197 : 4 7 8 11  
03198 : 4 7 8 12  
03199 : 4 7 8 13  
03200 : 4 7 8 14  
03201 : 4 7 8 15  
03202 : 4 7 8 16  
03203 : 4 7 8 17  
03204 : 4 7 8 18  
03205 : 4 7 8 19  
03206 : 4 7 9 10  
03207 : 4 7 9 11  
03208 : 4 7 9 12  
03209 : 4 7 9 13  
03210 : 4 7 9 14  
03211 : 4 7 9 15  
03212 : 4 7 9 16  
03213 : 4 7 9 17  
03214 : 4 7 9 18  
03215 : 4 7 9 19  
03216 : 4 7 10 11  
03217 : 4 7 10 12  
03218 : 4 7 10 13  
03219 : 4 7 10 14  
03220 : 4 7 10 15  
03221 : 4 7 10 16  
03222 : 4 7 10 17  
03223 : 4 7 10 18  
03224 : 4 7 10 19  
03225 : 4 7 11 12  
03226 : 4 7 11 13  
03227 : 4 7 11 14  
03228 : 4 7 11 15  
03229 : 4 7 11 16  
03230 : 4 7 11 17  
03231 : 4 7 11 18  
03232 : 4 7 11 19  
03233 : 4 7 12 13  
03234 : 4 7 12 14  
03235 : 4 7 12 15  
03236 : 4 7 12 16  
03237 : 4 7 12 17  
03238 : 4 7 12 18  
03239 : 4 7 12 19  
03240 : 4 7 13 14  
03241 : 4 7 13 15  
03242 : 4 7 13 16  
03243 : 4 7 13 17  
03244 : 4 7 13 18  
03245 : 4 7 13 19  
03246 : 4 7 14 15  
03247 : 4 7 14 16  
03248 : 4 7 14 17  
03249 : 4 7 14 18  
03250 : 4 7 14 19  
03251 : 4 7 15 16  
03252 : 4 7 15 17  
03253 : 4 7 15 18  
03254 : 4 7 15 19  
03255 : 4 7 16 17  
03256 : 4 7 16 18  
03257 : 4 7 16 19  
03258 : 4 7 17 18  
03259 : 4 7 17 19  
03260 : 4 7 18 19  
03261 : 4 8 9 10  
03262 : 4 8 9 11  
03263 : 4 8 9 12  
03264 : 4 8 9 13  
03265 : 4 8 9 14  
03266 : 4 8 9 15  
03267 : 4 8 9 16  
03268 : 4 8 9 17  
03269 : 4 8 9 18  
03270 : 4 8 9 19  
03271 : 4 8 10 11  
03272 : 4 8 10 12  
03273 : 4 8 10 13  
03274 : 4 8 10 14  
03275 : 4 8 10 15  
03276 : 4 8 10 16  
03277 : 4 8 10 17  
03278 : 4 8 10 18  
03279 : 4 8 10 19  
03280 : 4 8 11 12  
03281 : 4 8 11 13  
03282 : 4 8 11 14  
03283 : 4 8 11 15  
03284 : 4 8 11 16  
03285 : 4 8 11 17  
03286 : 4 8 11 18  
03287 : 4 8 11 19  
03288 : 4 8 12 13  
03289 : 4 8 12 14  
03290 : 4 8 12 15  
03291 : 4 8 12 16  
03292 : 4 8 12 17  
03293 : 4 8 12 18  
03294 : 4 8 12 19  
03295 : 4 8 13 14  
03296 : 4 8 13 15  
03297 : 4 8 13 16  
03298 : 4 8 13 17  
03299 : 4 8 13 18  
03300 : 4 8 13 19  
03301 : 4 8 14 15  
03302 : 4 8 14 16  
03303 : 4 8 14 17  
03304 : 4 8 14 18  
03305 : 4 8 14 19  
03306 : 4 8 15 16  
03307 : 4 8 15 17  
03308 : 4 8 15 18  
03309 : 4 8 15 19  
03310 : 4 8 16 17  
03311 : 4 8 16 18  
03312 : 4 8 16 19  
03313 : 4 8 17 18  
03314 : 4 8 17 19  
03315 : 4 8 18 19  
03316 : 4 9 10 11  
03317 : 4 9 10 12  
03318 : 4 9 10 13  
03319 : 4 9 10 14  
03320 : 4 9 10 15  
03321 : 4 9 10 16  
03322 : 4 9 10 17  
03323 : 4 9 10 18  
03324 : 4 9 10 19  
03325 : 4 9 11 12  
03326 : 4 9 11 13  
03327 : 4 9 11 14  
03328 : 4 9 11 15  
03329 : 4 9 11 16  
03330 : 4 9 11 17  
03331 : 4 9 11 18  
03332 : 4 9 11 19  
03333 : 4 9 12 13  
03334 : 4 9 12 14  
03335 : 4 9 12 15  
03336 : 4 9 12 16  
03337 : 4 9 12 17  
03338 : 4 9 12 18  
03339 : 4 9 12 19  
03340 : 4 9 13 14  
03341 : 4 9 13 15  
03342 : 4 9 13 16  
03343 : 4 9 13 17  
03344 : 4 9 13 18  
03345 : 4 9 13 19  
03346 : 4 9 14 15  
03347 : 4 9 14 16  
03348 : 4 9 14 17  
03349 : 4 9 14 18  
03350 : 4 9 14 19  
03351 : 4 9 15 16  
03352 : 4 9 15 17  
03353 : 4 9 15 18  
03354 : 4 9 15 19  
03355 : 4 9 16 17  
03356 : 4 9 16 18  
03357 : 4 9 16 19  
03358 : 4 9 17 18  
03359 : 4 9 17 19  
03360 : 4 9 18 19  
03361 : 4 10 11 12  
03362 : 4 10 11 13  
03363 : 4 10 11 14  
03364 : 4 10 11 15  
03365 : 4 10 11 16  
03366 : 4 10 11 17  
03367 : 4 10 11 18  
03368 : 4 10 11 19  
03369 : 4 10 12 13  
03370 : 4 10 12 14  
03371 : 4 10 12 15  
03372 : 4 10 12 16  
03373 : 4 10 12 17  
03374 : 4 10 12 18  
03375 : 4 10 12 19  
03376 : 4 10 13 14  
03377 : 4 10 13 15  
03378 : 4 10 13 16  
03379 : 4 10 13 17  
03380 : 4 10 13 18  
03381 : 4 10 13 19  
03382 : 4 10 14 15  
03383 : 4 10 14 16  
03384 : 4 10 14 17  
03385 : 4 10 14 18  
03386 : 4 10 14 19  
03387 : 4 10 15 16  
03388 : 4 10 15 17  
03389 : 4 10 15 18  
03390 : 4 10 15 19  
03391 : 4 10 16 17  
03392 : 4 10 16 18  
03393 : 4 10 16 19  
03394 : 4 10 17 18  
03395 : 4 10 17 19  
03396 : 4 10 18 19  
03397 : 4 11 12 13  
03398 : 4 11 12 14  
03399 : 4 11 12 15  
03400 : 4 11 12 16  
03401 : 4 11 12 17  
03402 : 4 11 12 18  
03403 : 4 11 12 19  
03404 : 4 11 13 14  
03405 : 4 11 13 15  
03406 : 4 11 13 16  
03407 : 4 11 13 17  
03408 : 4 11 13 18  
03409 : 4 11 13 19  
03410 : 4 11 14 15  
03411 : 4 11 14 16  
03412 : 4 11 14 17  
03413 : 4 11 14 18  
03414 : 4 11 14 19  
03415 : 4 11 15 16  
03416 : 4 11 15 17  
03417 : 4 11 15 18  
03418 : 4 11 15 19  
03419 : 4 11 16 17  
03420 : 4 11 16 18  
03421 : 4 11 16 19  
03422 : 4 11 17 18  
03423 : 4 11 17 19  
03424 : 4 11 18 19  
03425 : 4 12 13 14  
03426 : 4 12 13 15  
03427 : 4 12 13 16  
03428 : 4 12 13 17  
03429 : 4 12 13 18  
03430 : 4 12 13 19  
03431 : 4 12 14 15  
03432 : 4 12 14 16  
03433 : 4 12 14 17  
03434 : 4 12 14 18  
03435 : 4 12 14 19  
03436 : 4 12 15 16  
03437 : 4 12 15 17  
03438 : 4 12 15 18  
03439 : 4 12 15 19  
03440 : 4 12 16 17  
03441 : 4 12 16 18  
03442 : 4 12 16 19  
03443 : 4 12 17 18  
03444 : 4 12 17 19  
03445 : 4 12 18 19  
03446 : 4 13 14 15  
03447 : 4 13 14 16  
03448 : 4 13 14 17  
03449 : 4 13 14 18  
03450 : 4 13 14 19  
03451 : 4 13 15 16  
03452 : 4 13 15 17  
03453 : 4 13 15 18  
03454 : 4 13 15 19  
03455 : 4 13 16 17  
03456 : 4 13 16 18  
03457 : 4 13 16 19  
03458 : 4 13 17 18  
03459 : 4 13 17 19  
03460 : 4 13 18 19  
03461 : 4 14 15 16  
03462 : 4 14 15 17  
03463 : 4 14 15 18  
03464 : 4 14 15 19  
03465 : 4 14 16 17  
03466 : 4 14 16 18  
03467 : 4 14 16 19  
03468 : 4 14 17 18  
03469 : 4 14 17 19  
03470 : 4 14 18 19  
03471 : 4 15 16 17  
03472 : 4 15 16 18  
03473 : 4 15 16 19  
03474 : 4 15 17 18  
03475 : 4 15 17 19  
03476 : 4 15 18 19  
03477 : 4 16 17 18  
03478 : 4 16 17 19  
03479 : 4 16 18 19  
03480 : 4 17 18 19  
03481 : 5 6 7 8  
03482 : 5 6 7 9  
03483 : 5 6 7 10  
03484 : 5 6 7 11  
03485 : 5 6 7 12  
03486 : 5 6 7 13  
03487 : 5 6 7 14  
03488 : 5 6 7 15  
03489 : 5 6 7 16  
03490 : 5 6 7 17  
03491 : 5 6 7 18  
03492 : 5 6 7 19  
03493 : 5 6 8 9  
03494 : 5 6 8 10  
03495 : 5 6 8 11  
03496 : 5 6 8 12  
03497 : 5 6 8 13  
03498 : 5 6 8 14  
03499 : 5 6 8 15  
03500 : 5 6 8 16  
03501 : 5 6 8 17  
03502 : 5 6 8 18  
03503 : 5 6 8 19  
03504 : 5 6 9 10  
03505 : 5 6 9 11  
03506 : 5 6 9 12  
03507 : 5 6 9 13  
03508 : 5 6 9 14  
03509 : 5 6 9 15  
03510 : 5 6 9 16  
03511 : 5 6 9 17  
03512 : 5 6 9 18  
03513 : 5 6 9 19  
03514 : 5 6 10 11  
03515 : 5 6 10 12  
03516 : 5 6 10 13  
03517 : 5 6 10 14  
03518 : 5 6 10 15  
03519 : 5 6 10 16  
03520 : 5 6 10 17  
03521 : 5 6 10 18  
03522 : 5 6 10 19  
03523 : 5 6 11 12  
03524 : 5 6 11 13  
03525 : 5 6 11 14  
03526 : 5 6 11 15  
03527 : 5 6 11 16  
03528 : 5 6 11 17  
03529 : 5 6 11 18  
03530 : 5 6 11 19  
03531 : 5 6 12 13  
03532 : 5 6 12 14  
03533 : 5 6 12 15  
03534 : 5 6 12 16  
03535 : 5 6 12 17  
03536 : 5 6 12 18  
03537 : 5 6 12 19  
03538 : 5 6 13 14  
03539 : 5 6 13 15  
03540 : 5 6 13 16  
03541 : 5 6 13 17  
03542 : 5 6 13 18  
03543 : 5 6 13 19  
03544 : 5 6 14 15  
03545 : 5 6 14 16  
03546 : 5 6 14 17  
03547 : 5 6 14 18  
03548 : 5 6 14 19  
03549 : 5 6 15 16  
03550 : 5 6 15 17  
03551 : 5 6 15 18  
03552 : 5 6 15 19  
03553 : 5 6 16 17  
03554 : 5 6 16 18  
03555 : 5 6 16 19  
03556 : 5 6 17 18  
03557 : 5 6 17 19  
03558 : 5 6 18 19  
03559 : 5 7 8 9  
03560 : 5 7 8 10  
03561 : 5 7 8 11  
03562 : 5 7 8 12  
03563 : 5 7 8 13  
03564 : 5 7 8 14  
03565 : 5 7 8 15  
03566 : 5 7 8 16  
03567 : 5 7 8 17  
03568 : 5 7 8 18  
03569 : 5 7 8 19  
03570 : 5 7 9 10  
03571 : 5 7 9 11  
03572 : 5 7 9 12  
03573 : 5 7 9 13  
03574 : 5 7 9 14  
03575 : 5 7 9 15  
03576 : 5 7 9 16  
03577 : 5 7 9 17  
03578 : 5 7 9 18  
03579 : 5 7 9 19  
03580 : 5 7 10 11  
03581 : 5 7 10 12  
03582 : 5 7 10 13  
03583 : 5 7 10 14  
03584 : 5 7 10 15  
03585 : 5 7 10 16  
03586 : 5 7 10 17  
03587 : 5 7 10 18  
03588 : 5 7 10 19  
03589 : 5 7 11 12  
03590 : 5 7 11 13  
03591 : 5 7 11 14  
03592 : 5 7 11 15  
03593 : 5 7 11 16  
03594 : 5 7 11 17  
03595 : 5 7 11 18  
03596 : 5 7 11 19  
03597 : 5 7 12 13  
03598 : 5 7 12 14  
03599 : 5 7 12 15  
03600 : 5 7 12 16  
03601 : 5 7 12 17  
03602 : 5 7 12 18  
03603 : 5 7 12 19  
03604 : 5 7 13 14  
03605 : 5 7 13 15  
03606 : 5 7 13 16  
03607 : 5 7 13 17  
03608 : 5 7 13 18  
03609 : 5 7 13 19  
03610 : 5 7 14 15  
03611 : 5 7 14 16  
03612 : 5 7 14 17  
03613 : 5 7 14 18  
03614 : 5 7 14 19  
03615 : 5 7 15 16  
03616 : 5 7 15 17  
03617 : 5 7 15 18  
03618 : 5 7 15 19  
03619 : 5 7 16 17  
03620 : 5 7 16 18  
03621 : 5 7 16 19  
03622 : 5 7 17 18  
03623 : 5 7 17 19  
03624 : 5 7 18 19  
03625 : 5 8 9 10  
03626 : 5 8 9 11  
03627 : 5 8 9 12  
03628 : 5 8 9 13  
03629 : 5 8 9 14  
03630 : 5 8 9 15  
03631 : 5 8 9 16  
03632 : 5 8 9 17  
03633 : 5 8 9 18  
03634 : 5 8 9 19  
03635 : 5 8 10 11  
03636 : 5 8 10 12  
03637 : 5 8 10 13  
03638 : 5 8 10 14  
03639 : 5 8 10 15  
03640 : 5 8 10 16  
03641 : 5 8 10 17  
03642 : 5 8 10 18  
03643 : 5 8 10 19  
03644 : 5 8 11 12  
03645 : 5 8 11 13  
03646 : 5 8 11 14  
03647 : 5 8 11 15  
03648 : 5 8 11 16  
03649 : 5 8 11 17  
03650 : 5 8 11 18  
03651 : 5 8 11 19  
03652 : 5 8 12 13  
03653 : 5 8 12 14  
03654 : 5 8 12 15  
03655 : 5 8 12 16  
03656 : 5 8 12 17  
03657 : 5 8 12 18  
03658 : 5 8 12 19  
03659 : 5 8 13 14  
03660 : 5 8 13 15  
03661 : 5 8 13 16  
03662 : 5 8 13 17  
03663 : 5 8 13 18  
03664 : 5 8 13 19  
03665 : 5 8 14 15  
03666 : 5 8 14 16  
03667 : 5 8 14 17  
03668 : 5 8 14 18  
03669 : 5 8 14 19  
03670 : 5 8 15 16  
03671 : 5 8 15 17  
03672 : 5 8 15 18  
03673 : 5 8 15 19  
03674 : 5 8 16 17  
03675 : 5 8 16 18  
03676 : 5 8 16 19  
03677 : 5 8 17 18  
03678 : 5 8 17 19  
03679 : 5 8 18 19  
03680 : 5 9 10 11  
03681 : 5 9 10 12  
03682 : 5 9 10 13  
03683 : 5 9 10 14  
03684 : 5 9 10 15  
03685 : 5 9 10 16  
03686 : 5 9 10 17  
03687 : 5 9 10 18  
03688 : 5 9 10 19  
03689 : 5 9 11 12  
03690 : 5 9 11 13  
03691 : 5 9 11 14  
03692 : 5 9 11 15  
03693 : 5 9 11 16  
03694 : 5 9 11 17  
03695 : 5 9 11 18  
03696 : 5 9 11 19  
03697 : 5 9 12 13  
03698 : 5 9 12 14  
03699 : 5 9 12 15  
03700 : 5 9 12 16  
03701 : 5 9 12 17  
03702 : 5 9 12 18  
03703 : 5 9 12 19  
03704 : 5 9 13 14  
03705 : 5 9 13 15  
03706 : 5 9 13 16  
03707 : 5 9 13 17  
03708 : 5 9 13 18  
03709 : 5 9 13 19  
03710 : 5 9 14 15  
03711 : 5 9 14 16  
03712 : 5 9 14 17  
03713 : 5 9 14 18  
03714 : 5 9 14 19  
03715 : 5 9 15 16  
03716 : 5 9 15 17  
03717 : 5 9 15 18  
03718 : 5 9 15 19  
03719 : 5 9 16 17  
03720 : 5 9 16 18  
03721 : 5 9 16 19  
03722 : 5 9 17 18  
03723 : 5 9 17 19  
03724 : 5 9 18 19  
03725 : 5 10 11 12  
03726 : 5 10 11 13  
03727 : 5 10 11 14  
03728 : 5 10 11 15  
03729 : 5 10 11 16  
03730 : 5 10 11 17  
03731 : 5 10 11 18  
03732 : 5 10 11 19  
03733 : 5 10 12 13  
03734 : 5 10 12 14  
03735 : 5 10 12 15  
03736 : 5 10 12 16  
03737 : 5 10 12 17  
03738 : 5 10 12 18  
03739 : 5 10 12 19  
03740 : 5 10 13 14  
03741 : 5 10 13 15  
03742 : 5 10 13 16  
03743 : 5 10 13 17  
03744 : 5 10 13 18  
03745 : 5 10 13 19  
03746 : 5 10 14 15  
03747 : 5 10 14 16  
03748 : 5 10 14 17  
03749 : 5 10 14 18  
03750 : 5 10 14 19  
03751 : 5 10 15 16  
03752 : 5 10 15 17  
03753 : 5 10 15 18  
03754 : 5 10 15 19  
03755 : 5 10 16 17  
03756 : 5 10 16 18  
03757 : 5 10 16 19  
03758 : 5 10 17 18  
03759 : 5 10 17 19  
03760 : 5 10 18 19  
03761 : 5 11 12 13  
03762 : 5 11 12 14  
03763 : 5 11 12 15  
03764 : 5 11 12 16  
03765 : 5 11 12 17  
03766 : 5 11 12 18  
03767 : 5 11 12 19  
03768 : 5 11 13 14  
03769 : 5 11 13 15  
03770 : 5 11 13 16  
03771 : 5 11 13 17  
03772 : 5 11 13 18  
03773 : 5 11 13 19  
03774 : 5 11 14 15  
03775 : 5 11 14 16  
03776 : 5 11 14 17  
03777 : 5 11 14 18  
03778 : 5 11 14 19  
03779 : 5 11 15 16  
03780 : 5 11 15 17  
03781 : 5 11 15 18  
03782 : 5 11 15 19  
03783 : 5 11 16 17  
03784 : 5 11 16 18  
03785 : 5 11 16 19  
03786 : 5 11 17 18  
03787 : 5 11 17 19  
03788 : 5 11 18 19  
03789 : 5 12 13 14  
03790 : 5 12 13 15  
03791 : 5 12 13 16  
03792 : 5 12 13 17  
03793 : 5 12 13 18  
03794 : 5 12 13 19  
03795 : 5 12 14 15  
03796 : 5 12 14 16  
03797 : 5 12 14 17  
03798 : 5 12 14 18  
03799 : 5 12 14 19  
03800 : 5 12 15 16  
03801 : 5 12 15 17  
03802 : 5 12 15 18  
03803 : 5 12 15 19  
03804 : 5 12 16 17  
03805 : 5 12 16 18  
03806 : 5 12 16 19  
03807 : 5 12 17 18  
03808 : 5 12 17 19  
03809 : 5 12 18 19  
03810 : 5 13 14 15  
03811 : 5 13 14 16  
03812 : 5 13 14 17  
03813 : 5 13 14 18  
03814 : 5 13 14 19  
03815 : 5 13 15 16  
03816 : 5 13 15 17  
03817 : 5 13 15 18  
03818 : 5 13 15 19  
03819 : 5 13 16 17  
03820 : 5 13 16 18  
03821 : 5 13 16 19  
03822 : 5 13 17 18  
03823 : 5 13 17 19  
03824 : 5 13 18 19  
03825 : 5 14 15 16  
03826 : 5 14 15 17  
03827 : 5 14 15 18  
03828 : 5 14 15 19  
03829 : 5 14 16 17  
03830 : 5 14 16 18  
03831 : 5 14 16 19  
03832 : 5 14 17 18  
03833 : 5 14 17 19  
03834 : 5 14 18 19  
03835 : 5 15 16 17  
03836 : 5 15 16 18  
03837 : 5 15 16 19  
03838 : 5 15 17 18  
03839 : 5 15 17 19  
03840 : 5 15 18 19  
03841 : 5 16 17 18  
03842 : 5 16 17 19  
03843 : 5 16 18 19  
03844 : 5 17 18 19  
03845 : 6 7 8 9  
03846 : 6 7 8 10  
03847 : 6 7 8 11  
03848 : 6 7 8 12  
03849 : 6 7 8 13  
03850 : 6 7 8 14  
03851 : 6 7 8 15  
03852 : 6 7 8 16  
03853 : 6 7 8 17  
03854 : 6 7 8 18  
03855 : 6 7 8 19  
03856 : 6 7 9 10  
03857 : 6 7 9 11  
03858 : 6 7 9 12  
03859 : 6 7 9 13  
03860 : 6 7 9 14  
03861 : 6 7 9 15  
03862 : 6 7 9 16  
03863 : 6 7 9 17  
03864 : 6 7 9 18  
03865 : 6 7 9 19  
03866 : 6 7 10 11  
03867 : 6 7 10 12  
03868 : 6 7 10 13  
03869 : 6 7 10 14  
03870 : 6 7 10 15  
03871 : 6 7 10 16  
03872 : 6 7 10 17  
03873 : 6 7 10 18  
03874 : 6 7 10 19  
03875 : 6 7 11 12  
03876 : 6 7 11 13  
03877 : 6 7 11 14  
03878 : 6 7 11 15  
03879 : 6 7 11 16  
03880 : 6 7 11 17  
03881 : 6 7 11 18  
03882 : 6 7 11 19  
03883 : 6 7 12 13  
03884 : 6 7 12 14  
03885 : 6 7 12 15  
03886 : 6 7 12 16  
03887 : 6 7 12 17  
03888 : 6 7 12 18  
03889 : 6 7 12 19  
03890 : 6 7 13 14  
03891 : 6 7 13 15  
03892 : 6 7 13 16  
03893 : 6 7 13 17  
03894 : 6 7 13 18  
03895 : 6 7 13 19  
03896 : 6 7 14 15  
03897 : 6 7 14 16  
03898 : 6 7 14 17  
03899 : 6 7 14 18  
03900 : 6 7 14 19  
03901 : 6 7 15 16  
03902 : 6 7 15 17  
03903 : 6 7 15 18  
03904 : 6 7 15 19  
03905 : 6 7 16 17  
03906 : 6 7 16 18  
03907 : 6 7 16 19  
03908 : 6 7 17 18  
03909 : 6 7 17 19  
03910 : 6 7 18 19  
03911 : 6 8 9 10  
03912 : 6 8 9 11  
03913 : 6 8 9 12  
03914 : 6 8 9 13  
03915 : 6 8 9 14  
03916 : 6 8 9 15  
03917 : 6 8 9 16  
03918 : 6 8 9 17  
03919 : 6 8 9 18  
03920 : 6 8 9 19  
03921 : 6 8 10 11  
03922 : 6 8 10 12  
03923 : 6 8 10 13  
03924 : 6 8 10 14  
03925 : 6 8 10 15  
03926 : 6 8 10 16  
03927 : 6 8 10 17  
03928 : 6 8 10 18  
03929 : 6 8 10 19  
03930 : 6 8 11 12  
03931 : 6 8 11 13  
03932 : 6 8 11 14  
03933 : 6 8 11 15  
03934 : 6 8 11 16  
03935 : 6 8 11 17  
03936 : 6 8 11 18  
03937 : 6 8 11 19  
03938 : 6 8 12 13  
03939 : 6 8 12 14  
03940 : 6 8 12 15  
03941 : 6 8 12 16  
03942 : 6 8 12 17  
03943 : 6 8 12 18  
03944 : 6 8 12 19  
03945 : 6 8 13 14  
03946 : 6 8 13 15  
03947 : 6 8 13 16  
03948 : 6 8 13 17  
03949 : 6 8 13 18  
03950 : 6 8 13 19  
03951 : 6 8 14 15  
03952 : 6 8 14 16  
03953 : 6 8 14 17  
03954 : 6 8 14 18  
03955 : 6 8 14 19  
03956 : 6 8 15 16  
03957 : 6 8 15 17  
03958 : 6 8 15 18  
03959 : 6 8 15 19  
03960 : 6 8 16 17  
03961 : 6 8 16 18  
03962 : 6 8 16 19  
03963 : 6 8 17 18  
03964 : 6 8 17 19  
03965 : 6 8 18 19  
03966 : 6 9 10 11  
03967 : 6 9 10 12  
03968 : 6 9 10 13  
03969 : 6 9 10 14  
03970 : 6 9 10 15  
03971 : 6 9 10 16  
03972 : 6 9 10 17  
03973 : 6 9 10 18  
03974 : 6 9 10 19  
03975 : 6 9 11 12  
03976 : 6 9 11 13  
03977 : 6 9 11 14  
03978 : 6 9 11 15  
03979 : 6 9 11 16  
03980 : 6 9 11 17  
03981 : 6 9 11 18  
03982 : 6 9 11 19  
03983 : 6 9 12 13  
03984 : 6 9 12 14  
03985 : 6 9 12 15  
03986 : 6 9 12 16  
03987 : 6 9 12 17  
03988 : 6 9 12 18  
03989 : 6 9 12 19  
03990 : 6 9 13 14  
03991 : 6 9 13 15  
03992 : 6 9 13 16  
03993 : 6 9 13 17  
03994 : 6 9 13 18  
03995 : 6 9 13 19  
03996 : 6 9 14 15  
03997 : 6 9 14 16  
03998 : 6 9 14 17  
03999 : 6 9 14 18  
04000 : 6 9 14 19  
04001 : 6 9 15 16  
04002 : 6 9 15 17  
04003 : 6 9 15 18  
04004 : 6 9 15 19  
04005 : 6 9 16 17  
04006 : 6 9 16 18  
04007 : 6 9 16 19  
04008 : 6 9 17 18  
04009 : 6 9 17 19  
04010 : 6 9 18 19  
04011 : 6 10 11 12  
04012 : 6 10 11 13  
04013 : 6 10 11 14  
04014 : 6 10 11 15  
04015 : 6 10 11 16  
04016 : 6 10 11 17  
04017 : 6 10 11 18  
04018 : 6 10 11 19  
04019 : 6 10 12 13  
04020 : 6 10 12 14  
04021 : 6 10 12 15  
04022 : 6 10 12 16  
04023 : 6 10 12 17  
04024 : 6 10 12 18  
04025 : 6 10 12 19  
04026 : 6 10 13 14  
04027 : 6 10 13 15  
04028 : 6 10 13 16  
04029 : 6 10 13 17  
04030 : 6 10 13 18  
04031 : 6 10 13 19  
04032 : 6 10 14 15  
04033 : 6 10 14 16  
04034 : 6 10 14 17  
04035 : 6 10 14 18  
04036 : 6 10 14 19  
04037 : 6 10 15 16  
04038 : 6 10 15 17  
04039 : 6 10 15 18  
04040 : 6 10 15 19  
04041 : 6 10 16 17  
04042 : 6 10 16 18  
04043 : 6 10 16 19  
04044 : 6 10 17 18  
04045 : 6 10 17 19  
04046 : 6 10 18 19  
04047 : 6 11 12 13  
04048 : 6 11 12 14  
04049 : 6 11 12 15  
04050 : 6 11 12 16  
04051 : 6 11 12 17  
04052 : 6 11 12 18  
04053 : 6 11 12 19  
04054 : 6 11 13 14  
04055 : 6 11 13 15  
04056 : 6 11 13 16  
04057 : 6 11 13 17  
04058 : 6 11 13 18  
04059 : 6 11 13 19  
04060 : 6 11 14 15  
04061 : 6 11 14 16  
04062 : 6 11 14 17  
04063 : 6 11 14 18  
04064 : 6 11 14 19  
04065 : 6 11 15 16  
04066 : 6 11 15 17  
04067 : 6 11 15 18  
04068 : 6 11 15 19  
04069 : 6 11 16 17  
04070 : 6 11 16 18  
04071 : 6 11 16 19  
04072 : 6 11 17 18  
04073 : 6 11 17 19  
04074 : 6 11 18 19  
04075 : 6 12 13 14  
04076 : 6 12 13 15  
04077 : 6 12 13 16  
04078 : 6 12 13 17  
04079 : 6 12 13 18  
04080 : 6 12 13 19  
04081 : 6 12 14 15  
04082 : 6 12 14 16  
04083 : 6 12 14 17  
04084 : 6 12 14 18  
04085 : 6 12 14 19  
04086 : 6 12 15 16  
04087 : 6 12 15 17  
04088 : 6 12 15 18  
04089 : 6 12 15 19  
04090 : 6 12 16 17  
04091 : 6 12 16 18  
04092 : 6 12 16 19  
04093 : 6 12 17 18  
04094 : 6 12 17 19  
04095 : 6 12 18 19  
04096 : 6 13 14 15  
04097 : 6 13 14 16  
04098 : 6 13 14 17  
04099 : 6 13 14 18  
04100 : 6 13 14 19  
04101 : 6 13 15 16  
04102 : 6 13 15 17  
04103 : 6 13 15 18  
04104 : 6 13 15 19  
04105 : 6 13 16 17  
04106 : 6 13 16 18  
04107 : 6 13 16 19  
04108 : 6 13 17 18  
04109 : 6 13 17 19  
04110 : 6 13 18 19  
04111 : 6 14 15 16  
04112 : 6 14 15 17  
04113 : 6 14 15 18  
04114 : 6 14 15 19  
04115 : 6 14 16 17  
04116 : 6 14 16 18  
04117 : 6 14 16 19  
04118 : 6 14 17 18  
04119 : 6 14 17 19  
04120 : 6 14 18 19  
04121 : 6 15 16 17  
04122 : 6 15 16 18  
04123 : 6 15 16 19  
04124 : 6 15 17 18  
04125 : 6 15 17 19  
04126 : 6 15 18 19  
04127 : 6 16 17 18  
04128 : 6 16 17 19  
04129 : 6 16 18 19  
04130 : 6 17 18 19  
04131 : 7 8 9 10  
04132 : 7 8 9 11  
04133 : 7 8 9 12  
04134 : 7 8 9 13  
04135 : 7 8 9 14  
04136 : 7 8 9 15  
04137 : 7 8 9 16  
04138 : 7 8 9 17  
04139 : 7 8 9 18  
04140 : 7 8 9 19  
04141 : 7 8 10 11  
04142 : 7 8 10 12  
04143 : 7 8 10 13  
04144 : 7 8 10 14  
04145 : 7 8 10 15  
04146 : 7 8 10 16  
04147 : 7 8 10 17  
04148 : 7 8 10 18  
04149 : 7 8 10 19  
04150 : 7 8 11 12  
04151 : 7 8 11 13  
04152 : 7 8 11 14  
04153 : 7 8 11 15  
04154 : 7 8 11 16  
04155 : 7 8 11 17  
04156 : 7 8 11 18  
04157 : 7 8 11 19  
04158 : 7 8 12 13  
04159 : 7 8 12 14  
04160 : 7 8 12 15  
04161 : 7 8 12 16  
04162 : 7 8 12 17  
04163 : 7 8 12 18  
04164 : 7 8 12 19  
04165 : 7 8 13 14  
04166 : 7 8 13 15  
04167 : 7 8 13 16  
04168 : 7 8 13 17  
04169 : 7 8 13 18  
04170 : 7 8 13 19  
04171 : 7 8 14 15  
04172 : 7 8 14 16  
04173 : 7 8 14 17  
04174 : 7 8 14 18  
04175 : 7 8 14 19  
04176 : 7 8 15 16  
04177 : 7 8 15 17  
04178 : 7 8 15 18  
04179 : 7 8 15 19  
04180 : 7 8 16 17  
04181 : 7 8 16 18  
04182 : 7 8 16 19  
04183 : 7 8 17 18  
04184 : 7 8 17 19  
04185 : 7 8 18 19  
04186 : 7 9 10 11  
04187 : 7 9 10 12  
04188 : 7 9 10 13  
04189 : 7 9 10 14  
04190 : 7 9 10 15  
04191 : 7 9 10 16  
04192 : 7 9 10 17  
04193 : 7 9 10 18  
04194 : 7 9 10 19  
04195 : 7 9 11 12  
04196 : 7 9 11 13  
04197 : 7 9 11 14  
04198 : 7 9 11 15  
04199 : 7 9 11 16  
04200 : 7 9 11 17  
04201 : 7 9 11 18  
04202 : 7 9 11 19  
04203 : 7 9 12 13  
04204 : 7 9 12 14  
04205 : 7 9 12 15  
04206 : 7 9 12 16  
04207 : 7 9 12 17  
04208 : 7 9 12 18  
04209 : 7 9 12 19  
04210 : 7 9 13 14  
04211 : 7 9 13 15  
04212 : 7 9 13 16  
04213 : 7 9 13 17  
04214 : 7 9 13 18  
04215 : 7 9 13 19  
04216 : 7 9 14 15  
04217 : 7 9 14 16  
04218 : 7 9 14 17  
04219 : 7 9 14 18  
04220 : 7 9 14 19  
04221 : 7 9 15 16  
04222 : 7 9 15 17  
04223 : 7 9 15 18  
04224 : 7 9 15 19  
04225 : 7 9 16 17  
04226 : 7 9 16 18  
04227 : 7 9 16 19  
04228 : 7 9 17 18  
04229 : 7 9 17 19  
04230 : 7 9 18 19  
04231 : 7 10 11 12  
04232 : 7 10 11 13  
04233 : 7 10 11 14  
04234 : 7 10 11 15  
04235 : 7 10 11 16  
04236 : 7 10 11 17  
04237 : 7 10 11 18  
04238 : 7 10 11 19  
04239 : 7 10 12 13  
04240 : 7 10 12 14  
04241 : 7 10 12 15  
04242 : 7 10 12 16  
04243 : 7 10 12 17  
04244 : 7 10 12 18  
04245 : 7 10 12 19  
04246 : 7 10 13 14  
04247 : 7 10 13 15  
04248 : 7 10 13 16  
04249 : 7 10 13 17  
04250 : 7 10 13 18  
04251 : 7 10 13 19  
04252 : 7 10 14 15  
04253 : 7 10 14 16  
04254 : 7 10 14 17  
04255 : 7 10 14 18  
04256 : 7 10 14 19  
04257 : 7 10 15 16  
04258 : 7 10 15 17  
04259 : 7 10 15 18  
04260 : 7 10 15 19  
04261 : 7 10 16 17  
04262 : 7 10 16 18  
04263 : 7 10 16 19  
04264 : 7 10 17 18  
04265 : 7 10 17 19  
04266 : 7 10 18 19  
04267 : 7 11 12 13  
04268 : 7 11 12 14  
04269 : 7 11 12 15  
04270 : 7 11 12 16  
04271 : 7 11 12 17  
04272 : 7 11 12 18  
04273 : 7 11 12 19  
04274 : 7 11 13 14  
04275 : 7 11 13 15  
04276 : 7 11 13 16  
04277 : 7 11 13 17  
04278 : 7 11 13 18  
04279 : 7 11 13 19  
04280 : 7 11 14 15  
04281 : 7 11 14 16  
04282 : 7 11 14 17  
04283 : 7 11 14 18  
04284 : 7 11 14 19  
04285 : 7 11 15 16  
04286 : 7 11 15 17  
04287 : 7 11 15 18  
04288 : 7 11 15 19  
04289 : 7 11 16 17  
04290 : 7 11 16 18  
04291 : 7 11 16 19  
04292 : 7 11 17 18  
04293 : 7 11 17 19  
04294 : 7 11 18 19  
04295 : 7 12 13 14  
04296 : 7 12 13 15  
04297 : 7 12 13 16  
04298 : 7 12 13 17  
04299 : 7 12 13 18  
04300 : 7 12 13 19  
04301 : 7 12 14 15  
04302 : 7 12 14 16  
04303 : 7 12 14 17  
04304 : 7 12 14 18  
04305 : 7 12 14 19  
04306 : 7 12 15 16  
04307 : 7 12 15 17  
04308 : 7 12 15 18  
04309 : 7 12 15 19  
04310 : 7 12 16 17  
04311 : 7 12 16 18  
04312 : 7 12 16 19  
04313 : 7 12 17 18  
04314 : 7 12 17 19  
04315 : 7 12 18 19  
04316 : 7 13 14 15  
04317 : 7 13 14 16  
04318 : 7 13 14 17  
04319 : 7 13 14 18  
04320 : 7 13 14 19  
04321 : 7 13 15 16  
04322 : 7 13 15 17  
04323 : 7 13 15 18  
04324 : 7 13 15 19  
04325 : 7 13 16 17  
04326 : 7 13 16 18  
04327 : 7 13 16 19  
04328 : 7 13 17 18  
04329 : 7 13 17 19  
04330 : 7 13 18 19  
04331 : 7 14 15 16  
04332 : 7 14 15 17  
04333 : 7 14 15 18  
04334 : 7 14 15 19  
04335 : 7 14 16 17  
04336 : 7 14 16 18  
04337 : 7 14 16 19  
04338 : 7 14 17 18  
04339 : 7 14 17 19  
04340 : 7 14 18 19  
04341 : 7 15 16 17  
04342 : 7 15 16 18  
04343 : 7 15 16 19  
04344 : 7 15 17 18  
04345 : 7 15 17 19  
04346 : 7 15 18 19  
04347 : 7 16 17 18  
04348 : 7 16 17 19  
04349 : 7 16 18 19  
04350 : 7 17 18 19  
04351 : 8 9 10 11  
04352 : 8 9 10 12  
04353 : 8 9 10 13  
04354 : 8 9 10 14  
04355 : 8 9 10 15  
04356 : 8 9 10 16  
04357 : 8 9 10 17  
04358 : 8 9 10 18  
04359 : 8 9 10 19  
04360 : 8 9 11 12  
04361 : 8 9 11 13  
04362 : 8 9 11 14  
04363 : 8 9 11 15  
04364 : 8 9 11 16  
04365 : 8 9 11 17  
04366 : 8 9 11 18  
04367 : 8 9 11 19  
04368 : 8 9 12 13  
04369 : 8 9 12 14  
04370 : 8 9 12 15  
04371 : 8 9 12 16  
04372 : 8 9 12 17  
04373 : 8 9 12 18  
04374 : 8 9 12 19  
04375 : 8 9 13 14  
04376 : 8 9 13 15  
04377 : 8 9 13 16  
04378 : 8 9 13 17  
04379 : 8 9 13 18  
04380 : 8 9 13 19  
04381 : 8 9 14 15  
04382 : 8 9 14 16  
04383 : 8 9 14 17  
04384 : 8 9 14 18  
04385 : 8 9 14 19  
04386 : 8 9 15 16  
04387 : 8 9 15 17  
04388 : 8 9 15 18  
04389 : 8 9 15 19  
04390 : 8 9 16 17  
04391 : 8 9 16 18  
04392 : 8 9 16 19  
04393 : 8 9 17 18  
04394 : 8 9 17 19  
04395 : 8 9 18 19  
04396 : 8 10 11 12  
04397 : 8 10 11 13  
04398 : 8 10 11 14  
04399 : 8 10 11 15  
04400 : 8 10 11 16  
04401 : 8 10 11 17  
04402 : 8 10 11 18  
04403 : 8 10 11 19  
04404 : 8 10 12 13  
04405 : 8 10 12 14  
04406 : 8 10 12 15  
04407 : 8 10 12 16  
04408 : 8 10 12 17  
04409 : 8 10 12 18  
04410 : 8 10 12 19  
04411 : 8 10 13 14  
04412 : 8 10 13 15  
04413 : 8 10 13 16  
04414 : 8 10 13 17  
04415 : 8 10 13 18  
04416 : 8 10 13 19  
04417 : 8 10 14 15  
04418 : 8 10 14 16  
04419 : 8 10 14 17  
04420 : 8 10 14 18  
04421 : 8 10 14 19  
04422 : 8 10 15 16  
04423 : 8 10 15 17  
04424 : 8 10 15 18  
04425 : 8 10 15 19  
04426 : 8 10 16 17  
04427 : 8 10 16 18  
04428 : 8 10 16 19  
04429 : 8 10 17 18  
04430 : 8 10 17 19  
04431 : 8 10 18 19  
04432 : 8 11 12 13  
04433 : 8 11 12 14  
04434 : 8 11 12 15  
04435 : 8 11 12 16  
04436 : 8 11 12 17  
04437 : 8 11 12 18  
04438 : 8 11 12 19  
04439 : 8 11 13 14  
04440 : 8 11 13 15  
04441 : 8 11 13 16  
04442 : 8 11 13 17  
04443 : 8 11 13 18  
04444 : 8 11 13 19  
04445 : 8 11 14 15  
04446 : 8 11 14 16  
04447 : 8 11 14 17  
04448 : 8 11 14 18  
04449 : 8 11 14 19  
04450 : 8 11 15 16  
04451 : 8 11 15 17  
04452 : 8 11 15 18  
04453 : 8 11 15 19  
04454 : 8 11 16 17  
04455 : 8 11 16 18  
04456 : 8 11 16 19  
04457 : 8 11 17 18  
04458 : 8 11 17 19  
04459 : 8 11 18 19  
04460 : 8 12 13 14  
04461 : 8 12 13 15  
04462 : 8 12 13 16  
04463 : 8 12 13 17  
04464 : 8 12 13 18  
04465 : 8 12 13 19  
04466 : 8 12 14 15  
04467 : 8 12 14 16  
04468 : 8 12 14 17  
04469 : 8 12 14 18  
04470 : 8 12 14 19  
04471 : 8 12 15 16  
04472 : 8 12 15 17  
04473 : 8 12 15 18  
04474 : 8 12 15 19  
04475 : 8 12 16 17  
04476 : 8 12 16 18  
04477 : 8 12 16 19  
04478 : 8 12 17 18  
04479 : 8 12 17 19  
04480 : 8 12 18 19  
04481 : 8 13 14 15  
04482 : 8 13 14 16  
04483 : 8 13 14 17  
04484 : 8 13 14 18  
04485 : 8 13 14 19  
04486 : 8 13 15 16  
04487 : 8 13 15 17  
04488 : 8 13 15 18  
04489 : 8 13 15 19  
04490 : 8 13 16 17  
04491 : 8 13 16 18  
04492 : 8 13 16 19  
04493 : 8 13 17 18  
04494 : 8 13 17 19  
04495 : 8 13 18 19  
04496 : 8 14 15 16  
04497 : 8 14 15 17  
04498 : 8 14 15 18  
04499 : 8 14 15 19  
04500 : 8 14 16 17  
04501 : 8 14 16 18  
04502 : 8 14 16 19  
04503 : 8 14 17 18  
04504 : 8 14 17 19  
04505 : 8 14 18 19  
04506 : 8 15 16 17  
04507 : 8 15 16 18  
04508 : 8 15 16 19  
04509 : 8 15 17 18  
04510 : 8 15 17 19  
04511 : 8 15 18 19  
04512 : 8 16 17 18  
04513 : 8 16 17 19  
04514 : 8 16 18 19  
04515 : 8 17 18 19  
04516 : 9 10 11 12  
04517 : 9 10 11 13  
04518 : 9 10 11 14  
04519 : 9 10 11 15  
04520 : 9 10 11 16  
04521 : 9 10 11 17  
04522 : 9 10 11 18  
04523 : 9 10 11 19  
04524 : 9 10 12 13  
04525 : 9 10 12 14  
04526 : 9 10 12 15  
04527 : 9 10 12 16  
04528 : 9 10 12 17  
04529 : 9 10 12 18  
04530 : 9 10 12 19  
04531 : 9 10 13 14  
04532 : 9 10 13 15  
04533 : 9 10 13 16  
04534 : 9 10 13 17  
04535 : 9 10 13 18  
04536 : 9 10 13 19  
04537 : 9 10 14 15  
04538 : 9 10 14 16  
04539 : 9 10 14 17  
04540 : 9 10 14 18  
04541 : 9 10 14 19  
04542 : 9 10 15 16  
04543 : 9 10 15 17  
04544 : 9 10 15 18  
04545 : 9 10 15 19  
04546 : 9 10 16 17  
04547 : 9 10 16 18  
04548 : 9 10 16 19  
04549 : 9 10 17 18  
04550 : 9 10 17 19  
04551 : 9 10 18 19  
04552 : 9 11 12 13  
04553 : 9 11 12 14  
04554 : 9 11 12 15  
04555 : 9 11 12 16  
04556 : 9 11 12 17  
04557 : 9 11 12 18  
04558 : 9 11 12 19  
04559 : 9 11 13 14  
04560 : 9 11 13 15  
04561 : 9 11 13 16  
04562 : 9 11 13 17  
04563 : 9 11 13 18  
04564 : 9 11 13 19  
04565 : 9 11 14 15  
04566 : 9 11 14 16  
04567 : 9 11 14 17  
04568 : 9 11 14 18  
04569 : 9 11 14 19  
04570 : 9 11 15 16  
04571 : 9 11 15 17  
04572 : 9 11 15 18  
04573 : 9 11 15 19  
04574 : 9 11 16 17  
04575 : 9 11 16 18  
04576 : 9 11 16 19  
04577 : 9 11 17 18  
04578 : 9 11 17 19  
04579 : 9 11 18 19  
04580 : 9 12 13 14  
04581 : 9 12 13 15  
04582 : 9 12 13 16  
04583 : 9 12 13 17  
04584 : 9 12 13 18  
04585 : 9 12 13 19  
04586 : 9 12 14 15  
04587 : 9 12 14 16  
04588 : 9 12 14 17  
04589 : 9 12 14 18  
04590 : 9 12 14 19  
04591 : 9 12 15 16  
04592 : 9 12 15 17  
04593 : 9 12 15 18  
04594 : 9 12 15 19  
04595 : 9 12 16 17  
04596 : 9 12 16 18  
04597 : 9 12 16 19  
04598 : 9 12 17 18  
04599 : 9 12 17 19  
04600 : 9 12 18 19  
04601 : 9 13 14 15  
04602 : 9 13 14 16  
04603 : 9 13 14 17  
04604 : 9 13 14 18  
04605 : 9 13 14 19  
04606 : 9 13 15 16  
04607 : 9 13 15 17  
04608 : 9 13 15 18  
04609 : 9 13 15 19  
04610 : 9 13 16 17  
04611 : 9 13 16 18  
04612 : 9 13 16 19  
04613 : 9 13 17 18  
04614 : 9 13 17 19  
04615 : 9 13 18 19  
04616 : 9 14 15 16  
04617 : 9 14 15 17  
04618 : 9 14 15 18  
04619 : 9 14 15 19  
04620 : 9 14 16 17  
04621 : 9 14 16 18  
04622 : 9 14 16 19  
04623 : 9 14 17 18  
04624 : 9 14 17 19  
04625 : 9 14 18 19  
04626 : 9 15 16 17  
04627 : 9 15 16 18  
04628 : 9 15 16 19  
04629 : 9 15 17 18  
04630 : 9 15 17 19  
04631 : 9 15 18 19  
04632 : 9 16 17 18  
04633 : 9 16 17 19  
04634 : 9 16 18 19  
04635 : 9 17 18 19  
04636 : 10 11 12 13  
04637 : 10 11 12 14  
04638 : 10 11 12 15  
04639 : 10 11 12 16  
04640 : 10 11 12 17  
04641 : 10 11 12 18  
04642 : 10 11 12 19  
04643 : 10 11 13 14  
04644 : 10 11 13 15  
04645 : 10 11 13 16  
04646 : 10 11 13 17  
04647 : 10 11 13 18  
04648 : 10 11 13 19  
04649 : 10 11 14 15  
04650 : 10 11 14 16  
04651 : 10 11 14 17  
04652 : 10 11 14 18  
04653 : 10 11 14 19  
04654 : 10 11 15 16  
04655 : 10 11 15 17  
04656 : 10 11 15 18  
04657 : 10 11 15 19  
04658 : 10 11 16 17  
04659 : 10 11 16 18  
04660 : 10 11 16 19  
04661 : 10 11 17 18  
04662 : 10 11 17 19  
04663 : 10 11 18 19  
04664 : 10 12 13 14  
04665 : 10 12 13 15  
04666 : 10 12 13 16  
04667 : 10 12 13 17  
04668 : 10 12 13 18  
04669 : 10 12 13 19  
04670 : 10 12 14 15  
04671 : 10 12 14 16  
04672 : 10 12 14 17  
04673 : 10 12 14 18  
04674 : 10 12 14 19  
04675 : 10 12 15 16  
04676 : 10 12 15 17  
04677 : 10 12 15 18  
04678 : 10 12 15 19  
04679 : 10 12 16 17  
04680 : 10 12 16 18  
04681 : 10 12 16 19  
04682 : 10 12 17 18  
04683 : 10 12 17 19  
04684 : 10 12 18 19  
04685 : 10 13 14 15  
04686 : 10 13 14 16  
04687 : 10 13 14 17  
04688 : 10 13 14 18  
04689 : 10 13 14 19  
04690 : 10 13 15 16  
04691 : 10 13 15 17  
04692 : 10 13 15 18  
04693 : 10 13 15 19  
04694 : 10 13 16 17  
04695 : 10 13 16 18  
04696 : 10 13 16 19  
04697 : 10 13 17 18  
04698 : 10 13 17 19  
04699 : 10 13 18 19  
04700 : 10 14 15 16  
04701 : 10 14 15 17  
04702 : 10 14 15 18  
04703 : 10 14 15 19  
04704 : 10 14 16 17  
04705 : 10 14 16 18  
04706 : 10 14 16 19  
04707 : 10 14 17 18  
04708 : 10 14 17 19  
04709 : 10 14 18 19  
04710 : 10 15 16 17  
04711 : 10 15 16 18  
04712 : 10 15 16 19  
04713 : 10 15 17 18  
04714 : 10 15 17 19  
04715 : 10 15 18 19  
04716 : 10 16 17 18  
04717 : 10 16 17 19  
04718 : 10 16 18 19  
04719 : 10 17 18 19  
04720 : 11 12 13 14  
04721 : 11 12 13 15  
04722 : 11 12 13 16  
04723 : 11 12 13 17  
04724 : 11 12 13 18  
04725 : 11 12 13 19  
04726 : 11 12 14 15  
04727 : 11 12 14 16  
04728 : 11 12 14 17  
04729 : 11 12 14 18  
04730 : 11 12 14 19  
04731 : 11 12 15 16  
04732 : 11 12 15 17  
04733 : 11 12 15 18  
04734 : 11 12 15 19  
04735 : 11 12 16 17  
04736 : 11 12 16 18  
04737 : 11 12 16 19  
04738 : 11 12 17 18  
04739 : 11 12 17 19  
04740 : 11 12 18 19  
04741 : 11 13 14 15  
04742 : 11 13 14 16  
04743 : 11 13 14 17  
04744 : 11 13 14 18  
04745 : 11 13 14 19  
04746 : 11 13 15 16  
04747 : 11 13 15 17  
04748 : 11 13 15 18  
04749 : 11 13 15 19  
04750 : 11 13 16 17  
04751 : 11 13 16 18  
04752 : 11 13 16 19  
04753 : 11 13 17 18  
04754 : 11 13 17 19  
04755 : 11 13 18 19  
04756 : 11 14 15 16  
04757 : 11 14 15 17  
04758 : 11 14 15 18  
04759 : 11 14 15 19  
04760 : 11 14 16 17  
04761 : 11 14 16 18  
04762 : 11 14 16 19  
04763 : 11 14 17 18  
04764 : 11 14 17 19  
04765 : 11 14 18 19  
04766 : 11 15 16 17  
04767 : 11 15 16 18  
04768 : 11 15 16 19  
04769 : 11 15 17 18  
04770 : 11 15 17 19  
04771 : 11 15 18 19  
04772 : 11 16 17 18  
04773 : 11 16 17 19  
04774 : 11 16 18 19  
04775 : 11 17 18 19  
04776 : 12 13 14 15  
04777 : 12 13 14 16  
04778 : 12 13 14 17  
04779 : 12 13 14 18  
04780 : 12 13 14 19  
04781 : 12 13 15 16  
04782 : 12 13 15 17  
04783 : 12 13 15 18  
04784 : 12 13 15 19  
04785 : 12 13 16 17  
04786 : 12 13 16 18  
04787 : 12 13 16 19  
04788 : 12 13 17 18  
04789 : 12 13 17 19  
04790 : 12 13 18 19  
04791 : 12 14 15 16  
04792 : 12 14 15 17  
04793 : 12 14 15 18  
04794 : 12 14 15 19  
04795 : 12 14 16 17  
04796 : 12 14 16 18  
04797 : 12 14 16 19  
04798 : 12 14 17 18  
04799 : 12 14 17 19  
04800 : 12 14 18 19  
04801 : 12 15 16 17  
04802 : 12 15 16 18  
04803 : 12 15 16 19  
04804 : 12 15 17 18  
04805 : 12 15 17 19  
04806 : 12 15 18 19  
04807 : 12 16 17 18  
04808 : 12 16 17 19  
04809 : 12 16 18 19  
04810 : 12 17 18 19  
04811 : 13 14 15 16  
04812 : 13 14 15 17  
04813 : 13 14 15 18  
04814 : 13 14 15 19  
04815 : 13 14 16 17  
04816 : 13 14 16 18  
04817 : 13 14 16 19  
04818 : 13 14 17 18  
04819 : 13 14 17 19  
04820 : 13 14 18 19  
04821 : 13 15 16 17  
04822 : 13 15 16 18  
04823 : 13 15 16 19  
04824 : 13 15 17 18  
04825 : 13 15 17 19  
04826 : 13 15 18 19  
04827 : 13 16 17 18  
04828 : 13 16 17 19  
04829 : 13 16 18 19  
04830 : 13 17 18 19  
04831 : 14 15 16 17  
04832 : 14 15 16 18  
04833 : 14 15 16 19  
04834 : 14 15 17 18  
04835 : 14 15 17 19  
04836 : 14 15 18 19  
04837 : 14 16 17 18  
04838 : 14 16 17 19  
04839 : 14 16 18 19  
04840 : 14 17 18 19  
04841 : 15 16 17 18  
04842 : 15 16 17 19  
04843 : 15 16 18 19  
04844 : 15 17 18 19  
04845 : 16 17 18 19  
Using time: 11.990000 ms
